<?xml version="1.0" encoding="UTF-8"?>
<!-- Generated by org.testng.reporters.JUnitReportReporter -->
<testsuite name="webautomation.FormFillingNegativeNew" tests="10" time="1791.716" ignored="4" failures="0" timestamp="08 May 2020 03:49:58 GMT" skipped="0" hostname="riya-Latitude-3400" errors="0">
  <testcase name="NegativeCompany" time="155.470" classname="webautomation.FormFillingNegativeNew"/>
  <testcase name="NegativeFirstName" time="218.552" classname="webautomation.FormFillingNegativeNew"/>
  <testcase name="NegativeJobTitle" time="232.389" classname="webautomation.FormFillingNegativeNew"/>
  <testcase name="NegativeCity" time="241.035" classname="webautomation.FormFillingNegativeNew"/>
  <testcase name="NegativePhoneNumber" time="230.881" classname="webautomation.FormFillingNegativeNew"/>
  <testcase name="NegativeLastName" time="237.335" classname="webautomation.FormFillingNegativeNew"/>
  <testcase name="NegativeReasonforInquiry" time="38.664" classname="webautomation.FormFillingNegativeNew"/>
  <testcase name="NegativeGDPRCountry" time="76.218" classname="webautomation.FormFillingNegativeNew"/>
  <testcase name="NegativeEmail" time="245.889" classname="webautomation.FormFillingNegativeNew"/>
  <testcase name="NegativeCountry" time="115.283" classname="webautomation.FormFillingNegativeNew"/>
  <testcase name="closeApplication" classname="Base.WebCapabilities">
    <skipped/>
  </testcase> <!-- closeApplication -->
  <testcase name="createReport" classname="Base.WebCapabilities">
    <skipped/>
  </testcase> <!-- createReport -->
  <testcase name="LaunchBrowser" classname="Base.WebCapabilities">
    <skipped/>
  </testcase> <!-- LaunchBrowser -->
  <testcase name="flush" classname="Base.WebCapabilities">
    <skipped/>
  </testcase> <!-- flush -->
</testsuite> <!-- webautomation.FormFillingNegativeNew -->
