<?xml version="1.0" encoding="UTF-8"?>
<!-- Generated by org.testng.reporters.JUnitReportReporter -->
<testsuite name="webautomation.FormFillingNegative" tests="7" time="1640.432" ignored="4" failures="0" timestamp="30 Mar 2020 11:33:16 GMT" skipped="0" hostname="riya-Latitude-3400" errors="0">
  <testcase name="NegativePhoneNumber" time="268.470" classname="webautomation.FormFillingNegative"/>
  <testcase name="NegativeLastName" time="266.927" classname="webautomation.FormFillingNegative"/>
  <testcase name="NegativeEmail" time="273.227" classname="webautomation.FormFillingNegative"/>
  <testcase name="NegativeCountry" time="130.249" classname="webautomation.FormFillingNegative"/>
  <testcase name="NegativeFirstName" time="255.804" classname="webautomation.FormFillingNegative"/>
  <testcase name="NegativeCompany" time="178.407" classname="webautomation.FormFillingNegative"/>
  <testcase name="NegativeJobTitle" time="267.348" classname="webautomation.FormFillingNegative"/>
  <testcase name="closeApplication" classname="Base.WebCapabilities">
    <skipped/>
  </testcase> <!-- closeApplication -->
  <testcase name="createReport" classname="Base.WebCapabilities">
    <skipped/>
  </testcase> <!-- createReport -->
  <testcase name="LaunchBrowser" classname="Base.WebCapabilities">
    <skipped/>
  </testcase> <!-- LaunchBrowser -->
  <testcase name="flush" classname="Base.WebCapabilities">
    <skipped/>
  </testcase> <!-- flush -->
</testsuite> <!-- webautomation.FormFillingNegative -->
