<?xml version="1.0" encoding="UTF-8"?>
<!-- Generated by org.testng.reporters.JUnitReportReporter -->
<testsuite name="webautomation.DownloadsNegative" tests="4" time="899.237" ignored="4" failures="0" timestamp="31 Mar 2020 11:38:46 GMT" skipped="0" hostname="riya-Latitude-3400" errors="0">
  <testcase name="NegativePhoneNumber" time="212.704" classname="webautomation.DownloadsNegative"/>
  <testcase name="NegativeFirstName" time="210.041" classname="webautomation.DownloadsNegative"/>
  <testcase name="NegativeLastName" time="258.834" classname="webautomation.DownloadsNegative"/>
  <testcase name="NegativeEmail" time="217.658" classname="webautomation.DownloadsNegative"/>
  <testcase name="closeApplication" classname="Base.WebCapabilities">
    <skipped/>
  </testcase> <!-- closeApplication -->
  <testcase name="createReport" classname="Base.WebCapabilities">
    <skipped/>
  </testcase> <!-- createReport -->
  <testcase name="LaunchBrowser" classname="Base.WebCapabilities">
    <skipped/>
  </testcase> <!-- LaunchBrowser -->
  <testcase name="flush" classname="Base.WebCapabilities">
    <skipped/>
  </testcase> <!-- flush -->
</testsuite> <!-- webautomation.DownloadsNegative -->
