<?xml version="1.0" encoding="UTF-8"?>
<!-- Generated by org.testng.reporters.JUnitReportReporter -->
<testsuite name="webautomation.FormFilling" tests="1" time="33.790" ignored="0" failures="0" timestamp="01 May 2020 12:50:23 GMT" skipped="0" hostname="riya-Latitude-3400" errors="0">
  <testcase name="validLogin" time="33.790" classname="webautomation.FormFilling"/>
</testsuite> <!-- webautomation.FormFilling -->
