<?xml version="1.0" encoding="UTF-8"?>
<!-- Generated by org.testng.reporters.JUnitReportReporter -->
<testsuite name="webautomation.FormFillingNegative" tests="10" time="1797.020" ignored="4" failures="0" timestamp="14 Apr 2020 12:46:39 GMT" skipped="0" hostname="riya-Latitude-3400" errors="0">
  <testcase name="NegativeReasonforInquiry" time="38.328" classname="webautomation.FormFillingNegative"/>
  <testcase name="NegativeFirstName" time="229.445" classname="webautomation.FormFillingNegative"/>
  <testcase name="NegativeCity" time="231.580" classname="webautomation.FormFillingNegative"/>
  <testcase name="NegativeGDPRCountry" time="77.535" classname="webautomation.FormFillingNegative"/>
  <testcase name="NegativeCompany" time="172.795" classname="webautomation.FormFillingNegative"/>
  <testcase name="NegativeCountry" time="114.533" classname="webautomation.FormFillingNegative"/>
  <testcase name="NegativeLastName" time="237.778" classname="webautomation.FormFillingNegative"/>
  <testcase name="NegativeEmail" time="231.207" classname="webautomation.FormFillingNegative"/>
  <testcase name="NegativeJobTitle" time="232.026" classname="webautomation.FormFillingNegative"/>
  <testcase name="NegativePhoneNumber" time="231.793" classname="webautomation.FormFillingNegative"/>
  <testcase name="closeApplication" classname="Base.WebCapabilities">
    <skipped/>
  </testcase> <!-- closeApplication -->
  <testcase name="createReport" classname="Base.WebCapabilities">
    <skipped/>
  </testcase> <!-- createReport -->
  <testcase name="LaunchBrowser" classname="Base.WebCapabilities">
    <skipped/>
  </testcase> <!-- LaunchBrowser -->
  <testcase name="flush" classname="Base.WebCapabilities">
    <skipped/>
  </testcase> <!-- flush -->
</testsuite> <!-- webautomation.FormFillingNegative -->
