<?xml version="1.0" encoding="UTF-8"?>
<!-- Generated by org.testng.reporters.JUnitReportReporter -->
<testsuite ignored="4" hostname="mamta-Latitude-3400" failures="0" tests="1" name="webautomation.ContactForm" time="45.185" errors="0" timestamp="20 Apr 2021 18:35:56 GMT" skipped="0">
  <testcase classname="webautomation.ContactForm" name="contactform" time="45.185"/>
  <testcase classname="Base.WebCapabilities" name="closeApplication">
    <skipped/>
  </testcase> <!-- closeApplication -->
  <testcase classname="Base.WebCapabilities" name="createReport">
    <skipped/>
  </testcase> <!-- createReport -->
  <testcase classname="Base.WebCapabilities" name="LaunchBrowser">
    <skipped/>
  </testcase> <!-- LaunchBrowser -->
  <testcase classname="Base.WebCapabilities" name="flush">
    <skipped/>
  </testcase> <!-- flush -->
</testsuite> <!-- webautomation.ContactForm -->
