<?xml version="1.0" encoding="UTF-8"?>
<!-- Generated by org.testng.reporters.JUnitReportReporter -->
<testsuite name="webautomation.FormFillingNegativeNew" tests="10" time="1816.650" ignored="4" failures="0" timestamp="30 Apr 2020 10:45:24 GMT" skipped="0" hostname="riya-Latitude-3400" errors="0">
  <testcase name="NegativeCompany" time="157.466" classname="webautomation.FormFillingNegativeNew"/>
  <testcase name="NegativeFirstName" time="228.415" classname="webautomation.FormFillingNegativeNew"/>
  <testcase name="NegativeJobTitle" time="236.083" classname="webautomation.FormFillingNegativeNew"/>
  <testcase name="NegativeCity" time="239.330" classname="webautomation.FormFillingNegativeNew"/>
  <testcase name="NegativePhoneNumber" time="239.458" classname="webautomation.FormFillingNegativeNew"/>
  <testcase name="NegativeLastName" time="245.034" classname="webautomation.FormFillingNegativeNew"/>
  <testcase name="NegativeReasonforInquiry" time="40.081" classname="webautomation.FormFillingNegativeNew"/>
  <testcase name="NegativeGDPRCountry" time="77.074" classname="webautomation.FormFillingNegativeNew"/>
  <testcase name="NegativeEmail" time="235.293" classname="webautomation.FormFillingNegativeNew"/>
  <testcase name="NegativeCountry" time="118.416" classname="webautomation.FormFillingNegativeNew"/>
  <testcase name="closeApplication" classname="Base.WebCapabilities">
    <skipped/>
  </testcase> <!-- closeApplication -->
  <testcase name="createReport" classname="Base.WebCapabilities">
    <skipped/>
  </testcase> <!-- createReport -->
  <testcase name="LaunchBrowser" classname="Base.WebCapabilities">
    <skipped/>
  </testcase> <!-- LaunchBrowser -->
  <testcase name="flush" classname="Base.WebCapabilities">
    <skipped/>
  </testcase> <!-- flush -->
</testsuite> <!-- webautomation.FormFillingNegativeNew -->
