<?xml version="1.0" encoding="UTF-8"?>
<!-- Generated by org.testng.reporters.JUnitReportReporter -->
<testsuite name="project.LocateProvider" tests="1" time="28.741" ignored="0" failures="0" timestamp="25 Jan 2019 07:45:05 GMT" skipped="0" hostname="Chanchals-Mac-mini.local" errors="0">
  <testcase name="locateProvider" time="28.741" classname="project.LocateProvider"/>
</testsuite> <!-- project.LocateProvider -->
