<?xml version="1.0" encoding="UTF-8"?>
<!-- Generated by org.testng.reporters.JUnitReportReporter -->
<testsuite name="webautomation.ContactForm" tests="1" time="47.519" ignored="0" failures="0" timestamp="02 Mar 2021 06:52:30 GMT" skipped="0" hostname="riya-Latitude-3400" errors="0">
  <testcase name="contactform" time="47.519" classname="webautomation.ContactForm"/>
</testsuite> <!-- webautomation.ContactForm -->
