<?xml version="1.0" encoding="UTF-8"?>
<!-- Generated by org.testng.reporters.JUnitReportReporter -->
<testsuite name="project.Login" tests="1" time="8.896" ignored="0" failures="0" timestamp="24 Jan 2019 13:21:46 GMT" skipped="0" hostname="Chanchals-Mac-mini.local" errors="0">
  <testcase name="validLogin" time="8.896" classname="project.Login"/>
</testsuite> <!-- project.Login -->
