<?xml version="1.0" encoding="UTF-8"?>
<!-- Generated by org.testng.reporters.JUnitReportReporter -->
<testsuite name="webautomation.FormFillingNegativeNew" tests="10" time="2386.014" ignored="4" failures="0" timestamp="27 Apr 2020 11:54:32 GMT" skipped="0" hostname="riya-Latitude-3400" errors="0">
  <testcase name="NegativeEmail" time="287.164" classname="webautomation.FormFillingNegativeNew"/>
  <testcase name="NegativeLastName" time="283.545" classname="webautomation.FormFillingNegativeNew"/>
  <testcase name="NegativeCompany" time="172.746" classname="webautomation.FormFillingNegativeNew"/>
  <testcase name="NegativeCountry" time="115.322" classname="webautomation.FormFillingNegativeNew"/>
  <testcase name="NegativeGDPRCountry" time="76.504" classname="webautomation.FormFillingNegativeNew"/>
  <testcase name="NegativeCity" time="235.765" classname="webautomation.FormFillingNegativeNew"/>
  <testcase name="NegativeReasonforInquiry" time="38.926" classname="webautomation.FormFillingNegativeNew"/>
  <testcase name="NegativeFirstName" time="278.960" classname="webautomation.FormFillingNegativeNew"/>
  <testcase name="NegativePhoneNumber" time="636.063" classname="webautomation.FormFillingNegativeNew"/>
  <testcase name="NegativeJobTitle" time="261.019" classname="webautomation.FormFillingNegativeNew"/>
  <testcase name="closeApplication" classname="Base.WebCapabilities">
    <skipped/>
  </testcase> <!-- closeApplication -->
  <testcase name="createReport" classname="Base.WebCapabilities">
    <skipped/>
  </testcase> <!-- createReport -->
  <testcase name="LaunchBrowser" classname="Base.WebCapabilities">
    <skipped/>
  </testcase> <!-- LaunchBrowser -->
  <testcase name="flush" classname="Base.WebCapabilities">
    <skipped/>
  </testcase> <!-- flush -->
</testsuite> <!-- webautomation.FormFillingNegativeNew -->
