<?xml version="1.0" encoding="UTF-8"?>
<!-- Generated by org.testng.reporters.JUnitReportReporter -->
<testsuite name="webautomation.ContactForm" tests="1" time="29.884" ignored="16" failures="0" timestamp="24 May 2019 07:10:44 GMT" skipped="0" hostname="chanchal-java" errors="0">
  <testcase name="contactform" time="29.884" classname="webautomation.ContactForm"/>
  <testcase name="LaunchBrowser" classname="Base.WebCapabilities">
    <skipped/>
  </testcase> <!-- LaunchBrowser -->
  <testcase name="LaunchBrowser" classname="Base.WebCapabilities">
    <skipped/>
  </testcase> <!-- LaunchBrowser -->
  <testcase name="LaunchBrowser" classname="Base.WebCapabilities">
    <skipped/>
  </testcase> <!-- LaunchBrowser -->
  <testcase name="LaunchBrowser" classname="Base.WebCapabilities">
    <skipped/>
  </testcase> <!-- LaunchBrowser -->
  <testcase name="closeApplication" classname="Base.WebCapabilities">
    <skipped/>
  </testcase> <!-- closeApplication -->
  <testcase name="closeApplication" classname="Base.WebCapabilities">
    <skipped/>
  </testcase> <!-- closeApplication -->
  <testcase name="closeApplication" classname="Base.WebCapabilities">
    <skipped/>
  </testcase> <!-- closeApplication -->
  <testcase name="closeApplication" classname="Base.WebCapabilities">
    <skipped/>
  </testcase> <!-- closeApplication -->
  <testcase name="createReport" classname="Base.WebCapabilities">
    <skipped/>
  </testcase> <!-- createReport -->
  <testcase name="createReport" classname="Base.WebCapabilities">
    <skipped/>
  </testcase> <!-- createReport -->
  <testcase name="createReport" classname="Base.WebCapabilities">
    <skipped/>
  </testcase> <!-- createReport -->
  <testcase name="createReport" classname="Base.WebCapabilities">
    <skipped/>
  </testcase> <!-- createReport -->
  <testcase name="flush" classname="Base.WebCapabilities">
    <skipped/>
  </testcase> <!-- flush -->
  <testcase name="flush" classname="Base.WebCapabilities">
    <skipped/>
  </testcase> <!-- flush -->
  <testcase name="flush" classname="Base.WebCapabilities">
    <skipped/>
  </testcase> <!-- flush -->
  <testcase name="flush" classname="Base.WebCapabilities">
    <skipped/>
  </testcase> <!-- flush -->
</testsuite> <!-- webautomation.ContactForm -->
