<?xml version="1.0" encoding="UTF-8"?>
<!-- Generated by org.testng.reporters.JUnitReportReporter -->
<testsuite name="webautomation.FormFillingNegativeNew" tests="10" time="1780.606" ignored="4" failures="0" timestamp="24 Apr 2020 09:51:33 GMT" skipped="0" hostname="riya-Latitude-3400" errors="0">
  <testcase name="NegativeCountry" time="113.013" classname="webautomation.FormFillingNegativeNew"/>
  <testcase name="NegativeLastName" time="235.340" classname="webautomation.FormFillingNegativeNew"/>
  <testcase name="NegativePhoneNumber" time="234.023" classname="webautomation.FormFillingNegativeNew"/>
  <testcase name="NegativeCompany" time="163.974" classname="webautomation.FormFillingNegativeNew"/>
  <testcase name="NegativeReasonforInquiry" time="38.980" classname="webautomation.FormFillingNegativeNew"/>
  <testcase name="NegativeFirstName" time="220.302" classname="webautomation.FormFillingNegativeNew"/>
  <testcase name="NegativeCity" time="233.978" classname="webautomation.FormFillingNegativeNew"/>
  <testcase name="NegativeJobTitle" time="232.991" classname="webautomation.FormFillingNegativeNew"/>
  <testcase name="NegativeGDPRCountry" time="74.981" classname="webautomation.FormFillingNegativeNew"/>
  <testcase name="NegativeEmail" time="233.024" classname="webautomation.FormFillingNegativeNew"/>
  <testcase name="closeApplication" classname="Base.WebCapabilities">
    <skipped/>
  </testcase> <!-- closeApplication -->
  <testcase name="createReport" classname="Base.WebCapabilities">
    <skipped/>
  </testcase> <!-- createReport -->
  <testcase name="LaunchBrowser" classname="Base.WebCapabilities">
    <skipped/>
  </testcase> <!-- LaunchBrowser -->
  <testcase name="flush" classname="Base.WebCapabilities">
    <skipped/>
  </testcase> <!-- flush -->
</testsuite> <!-- webautomation.FormFillingNegativeNew -->
