<?xml version="1.0" encoding="UTF-8"?>
<!-- Generated by org.testng.reporters.JUnitReportReporter -->
<testsuite name="webautomation.DownloadsNegative" tests="7" time="1679.234" ignored="4" failures="0" timestamp="01 Apr 2020 10:08:11 GMT" skipped="0" hostname="riya-Latitude-3400" errors="0">
  <testcase name="NegativeFirstName" time="223.208" classname="webautomation.DownloadsNegative"/>
  <testcase name="NegativeCompany" time="149.721" classname="webautomation.DownloadsNegative"/>
  <testcase name="NegativeCountry" time="379.634" classname="webautomation.DownloadsNegative"/>
  <testcase name="NegativeLastName" time="232.861" classname="webautomation.DownloadsNegative"/>
  <testcase name="NegativeEmail" time="231.033" classname="webautomation.DownloadsNegative"/>
  <testcase name="NegativeJobTitle" time="235.447" classname="webautomation.DownloadsNegative"/>
  <testcase name="NegativePhoneNumber" time="227.330" classname="webautomation.DownloadsNegative"/>
  <testcase name="closeApplication" classname="Base.WebCapabilities">
    <skipped/>
  </testcase> <!-- closeApplication -->
  <testcase name="createReport" classname="Base.WebCapabilities">
    <skipped/>
  </testcase> <!-- createReport -->
  <testcase name="LaunchBrowser" classname="Base.WebCapabilities">
    <skipped/>
  </testcase> <!-- LaunchBrowser -->
  <testcase name="flush" classname="Base.WebCapabilities">
    <skipped/>
  </testcase> <!-- flush -->
</testsuite> <!-- webautomation.DownloadsNegative -->
