<?xml version="1.0" encoding="UTF-8"?>
<!-- Generated by org.testng.reporters.JUnitReportReporter -->
<testsuite name="webautomation.FormFillingNegative" tests="2" time="451.367" ignored="0" failures="0" timestamp="27 Mar 2020 10:55:15 GMT" skipped="0" hostname="riya-Latitude-3400" errors="0">
  <testcase name="NegativeFirstName" time="216.145" classname="webautomation.FormFillingNegative"/>
  <testcase name="NegativeLastName" time="235.222" classname="webautomation.FormFillingNegative"/>
</testsuite> <!-- webautomation.FormFillingNegative -->
