<?xml version="1.0" encoding="UTF-8"?>
<!-- Generated by org.testng.reporters.JUnitReportReporter -->
<testsuite name="webautomation.FormFillingNegativeNew" tests="10" time="2905.133" ignored="4" failures="0" timestamp="29 Apr 2020 05:17:36 GMT" skipped="0" hostname="riya-Latitude-3400" errors="0">
  <testcase name="NegativeLastName" time="241.319" classname="webautomation.FormFillingNegativeNew"/>
  <testcase name="NegativeFirstName" time="218.242" classname="webautomation.FormFillingNegativeNew"/>
  <testcase name="NegativePhoneNumber" time="239.985" classname="webautomation.FormFillingNegativeNew"/>
  <testcase name="NegativeCity" time="237.906" classname="webautomation.FormFillingNegativeNew"/>
  <testcase name="NegativeCountry" time="115.595" classname="webautomation.FormFillingNegativeNew"/>
  <testcase name="NegativeGDPRCountry" time="77.000" classname="webautomation.FormFillingNegativeNew"/>
  <testcase name="NegativeReasonforInquiry" time="39.975" classname="webautomation.FormFillingNegativeNew"/>
  <testcase name="NegativeJobTitle" time="1341.983" classname="webautomation.FormFillingNegativeNew"/>
  <testcase name="NegativeEmail" time="236.333" classname="webautomation.FormFillingNegativeNew"/>
  <testcase name="NegativeCompany" time="156.795" classname="webautomation.FormFillingNegativeNew"/>
  <testcase name="closeApplication" classname="Base.WebCapabilities">
    <skipped/>
  </testcase> <!-- closeApplication -->
  <testcase name="createReport" classname="Base.WebCapabilities">
    <skipped/>
  </testcase> <!-- createReport -->
  <testcase name="LaunchBrowser" classname="Base.WebCapabilities">
    <skipped/>
  </testcase> <!-- LaunchBrowser -->
  <testcase name="flush" classname="Base.WebCapabilities">
    <skipped/>
  </testcase> <!-- flush -->
</testsuite> <!-- webautomation.FormFillingNegativeNew -->
