<?xml version="1.0" encoding="UTF-8"?>
<!-- Generated by org.testng.reporters.JUnitReportReporter -->
<testsuite hostname="mamta-Latitude-3400" failures="0" tests="1" name="com.algoworks.contactUs.TestClass.contact_btn_test" time="20.586" errors="0" timestamp="2021-01-25T15:21:04 EST" skipped="0">
  <testcase classname="com.algoworks.contactUs.TestClass.contact_btn_test" name="contact_Button_Click" time="20.586"/>
  <system-out/>
</testsuite> <!-- com.algoworks.contactUs.TestClass.contact_btn_test -->
