<?xml version="1.0" encoding="UTF-8"?>
<!-- Generated by org.testng.reporters.JUnitReportReporter -->
<testsuite name="webautomation.Downloads" tests="1" time="71.062" ignored="0" failures="0" timestamp="08 May 2020 10:48:38 GMT" skipped="0" hostname="riya-Latitude-3400" errors="0">
  <testcase name="downloads" time="71.062" classname="webautomation.Downloads"/>
</testsuite> <!-- webautomation.Downloads -->
