<?xml version="1.0" encoding="UTF-8"?>
<!-- Generated by org.testng.reporters.JUnitReportReporter -->
<testsuite name="webautomation.ContactFormNegative" tests="10" time="1568.366" ignored="0" failures="0" timestamp="27 Mar 2020 05:51:31 GMT" skipped="0" hostname="riya-Latitude-3400" errors="0">
  <testcase name="contactformcompanynegative" time="137.136" classname="webautomation.ContactFormNegative"/>
  <testcase name="contactformfirstnamenegative" time="191.269" classname="webautomation.ContactFormNegative"/>
  <testcase name="contactformemail" time="209.228" classname="webautomation.ContactFormNegative"/>
  <testcase name="contactformcitynegative" time="213.904" classname="webautomation.ContactFormNegative"/>
  <testcase name="contactformjobtitlenegative" time="206.992" classname="webautomation.ContactFormNegative"/>
  <testcase name="contactformCountrynegative" time="102.045" classname="webautomation.ContactFormNegative"/>
  <testcase name="contactformnumbernegative" time="210.546" classname="webautomation.ContactFormNegative"/>
  <testcase name="contactformREasonforinquirynegative" time="38.013" classname="webautomation.ContactFormNegative"/>
  <testcase name="contactformlastnamenegative" time="189.259" classname="webautomation.ContactFormNegative"/>
  <testcase name="contactformGDPRCountrynegative" time="69.974" classname="webautomation.ContactFormNegative"/>
</testsuite> <!-- webautomation.ContactFormNegative -->
