<?xml version="1.0" encoding="UTF-8"?>
<!-- Generated by org.testng.reporters.JUnitReportReporter -->
<<<<<<< HEAD
<testsuite name="project.Login2" tests="1" time="7.750" ignored="12" failures="0" timestamp="01 Feb 2019 09:19:47 GMT" skipped="0" hostname="Chanchals-Mac-mini.local" errors="0">
  <testcase name="validLogin" time="7.750" classname="project.Login2"/>
=======
<testsuite name="project.Login2" tests="1" time="8.101" ignored="12" failures="0" timestamp="05 Feb 2019 05:47:21 GMT" skipped="0" hostname="chanchal" errors="0">
  <testcase name="validLogin" time="8.101" classname="project.Login2"/>
>>>>>>> 14542226ff805da97283bc9f9f39c093ff407922
  <testcase name="closeApplication" classname="Base.WebCapabilities">
    <skipped/>
  </testcase> <!-- closeApplication -->
  <testcase name="closeApplication" classname="Base.WebCapabilities">
    <skipped/>
  </testcase> <!-- closeApplication -->
  <testcase name="closeApplication" classname="Base.WebCapabilities">
    <skipped/>
  </testcase> <!-- closeApplication -->
  <testcase name="createReport" classname="Base.WebCapabilities">
    <skipped/>
  </testcase> <!-- createReport -->
  <testcase name="createReport" classname="Base.WebCapabilities">
    <skipped/>
  </testcase> <!-- createReport -->
  <testcase name="createReport" classname="Base.WebCapabilities">
    <skipped/>
  </testcase> <!-- createReport -->
  <testcase name="LaunchBrowser" classname="Base.WebCapabilities">
    <skipped/>
  </testcase> <!-- LaunchBrowser -->
  <testcase name="LaunchBrowser" classname="Base.WebCapabilities">
    <skipped/>
  </testcase> <!-- LaunchBrowser -->
  <testcase name="LaunchBrowser" classname="Base.WebCapabilities">
    <skipped/>
  </testcase> <!-- LaunchBrowser -->
  <testcase name="flush" classname="Base.WebCapabilities">
    <skipped/>
  </testcase> <!-- flush -->
  <testcase name="flush" classname="Base.WebCapabilities">
    <skipped/>
  </testcase> <!-- flush -->
  <testcase name="flush" classname="Base.WebCapabilities">
    <skipped/>
  </testcase> <!-- flush -->
</testsuite> <!-- project.Login2 -->
