<?xml version="1.0" encoding="UTF-8"?>
<!-- Generated by org.testng.reporters.JUnitReportReporter -->
<testsuite name="webautomation.MobileNegative" tests="6" time="467.839" ignored="0" failures="0" timestamp="02 Apr 2020 10:01:32 GMT" skipped="0" hostname="riya-Latitude-3400" errors="0">
  <testcase name="Firstnamenegative" time="27.142" classname="webautomation.MobileNegative"/>
  <testcase name="Companynegative" time="30.103" classname="webautomation.MobileNegative"/>
  <testcase name="Emailnegative" time="234.701" classname="webautomation.MobileNegative"/>
  <testcase name="JobTitlenegative" time="27.703" classname="webautomation.MobileNegative"/>
  <testcase name="PhoneNumbernegative" time="119.164" classname="webautomation.MobileNegative"/>
  <testcase name="LastNamenegative" time="29.026" classname="webautomation.MobileNegative"/>
</testsuite> <!-- webautomation.MobileNegative -->
