<?xml version="1.0" encoding="UTF-8"?>
<!-- Generated by org.testng.reporters.JUnitReportReporter -->
<testsuite name="webautomation.CouchbaseKubernetes" tests="1" time="167.566" ignored="0" failures="0" timestamp="21 May 2020 11:45:03 GMT" skipped="0" hostname="riya-Latitude-3400" errors="0">
  <testcase name="Server" time="167.566" classname="webautomation.CouchbaseKubernetes"/>
</testsuite> <!-- webautomation.CouchbaseKubernetes -->
