<?xml version="1.0" encoding="UTF-8"?>
<!-- Generated by org.testng.reporters.JUnitReportReporter -->
<testsuite name="webautomation.Downloads" tests="1" time="53.686" ignored="0" failures="0" timestamp="23 Apr 2020 08:06:34 GMT" skipped="0" hostname="riya-Latitude-3400" errors="0">
  <testcase name="downloads" time="53.686" classname="webautomation.Downloads"/>
</testsuite> <!-- webautomation.Downloads -->
