<?xml version="1.0" encoding="UTF-8"?>
<!-- Generated by org.testng.reporters.JUnitReportReporter -->
<testsuite name="project.AddClaim" tests="1" time="29.083" ignored="16" failures="0" timestamp="28 Jan 2019 12:31:20 GMT" skipped="0" hostname="Chanchals-Mac-mini.local" errors="0">
  <testcase name="AddClaim" time="29.083" classname="project.AddClaim"/>
  <testcase name="closeApplication" classname="Base.Capabilities">
    <skipped/>
  </testcase> <!-- closeApplication -->
  <testcase name="closeApplication" classname="Base.Capabilities">
    <skipped/>
  </testcase> <!-- closeApplication -->
  <testcase name="closeApplication" classname="Base.Capabilities">
    <skipped/>
  </testcase> <!-- closeApplication -->
  <testcase name="closeApplication" classname="Base.Capabilities">
    <skipped/>
  </testcase> <!-- closeApplication -->
  <testcase name="flush" classname="Base.Capabilities">
    <skipped/>
  </testcase> <!-- flush -->
  <testcase name="flush" classname="Base.Capabilities">
    <skipped/>
  </testcase> <!-- flush -->
  <testcase name="flush" classname="Base.Capabilities">
    <skipped/>
  </testcase> <!-- flush -->
  <testcase name="flush" classname="Base.Capabilities">
    <skipped/>
  </testcase> <!-- flush -->
  <testcase name="createReport" classname="Base.Capabilities">
    <skipped/>
  </testcase> <!-- createReport -->
  <testcase name="createReport" classname="Base.Capabilities">
    <skipped/>
  </testcase> <!-- createReport -->
  <testcase name="createReport" classname="Base.Capabilities">
    <skipped/>
  </testcase> <!-- createReport -->
  <testcase name="createReport" classname="Base.Capabilities">
    <skipped/>
  </testcase> <!-- createReport -->
  <testcase name="LaunchBrowser" classname="Base.Capabilities">
    <skipped/>
  </testcase> <!-- LaunchBrowser -->
  <testcase name="LaunchBrowser" classname="Base.Capabilities">
    <skipped/>
  </testcase> <!-- LaunchBrowser -->
  <testcase name="LaunchBrowser" classname="Base.Capabilities">
    <skipped/>
  </testcase> <!-- LaunchBrowser -->
  <testcase name="LaunchBrowser" classname="Base.Capabilities">
    <skipped/>
  </testcase> <!-- LaunchBrowser -->
</testsuite> <!-- project.AddClaim -->
