<?xml version="1.0" encoding="UTF-8"?>
<!-- Generated by org.testng.reporters.JUnitReportReporter -->
<testsuite ignored="20" hostname="mamta-Latitude-3400" failures="0" tests="11" name="webautomation.FormFillingNegativeNew" time="0.020" errors="1" timestamp="03 Mar 2021 20:03:21 GMT" skipped="10">
  <testcase classname="webautomation.FormFillingNegativeNew" name="NegativeCity" time="0.000">
    <skipped/>
  </testcase> <!-- NegativeCity -->
  <testcase classname="webautomation.FormFillingNegativeNew" name="NegativeFirstName" time="0.001">
    <skipped/>
  </testcase> <!-- NegativeFirstName -->
  <testcase classname="webautomation.FormFillingNegativeNew" name="NegativePhoneNumber" time="0.001">
    <skipped/>
  </testcase> <!-- NegativePhoneNumber -->
  <testcase classname="webautomation.FormFillingNegativeNew" name="NegativeGDPRCountry" time="0.002">
    <skipped/>
  </testcase> <!-- NegativeGDPRCountry -->
  <testcase classname="webautomation.FormFillingNegativeNew" name="NegativeEmail" time="0.006">
    <skipped/>
  </testcase> <!-- NegativeEmail -->
  <testcase classname="webautomation.FormFillingNegativeNew" name="NegativeLastName" time="0.004">
    <skipped/>
  </testcase> <!-- NegativeLastName -->
  <testcase classname="webautomation.FormFillingNegativeNew" name="NegativeReasonforInquiry" time="0.001">
    <skipped/>
  </testcase> <!-- NegativeReasonforInquiry -->
  <testcase classname="webautomation.FormFillingNegativeNew" name="NegativeJobTitle" time="0.002">
    <skipped/>
  </testcase> <!-- NegativeJobTitle -->
  <testcase classname="webautomation.FormFillingNegativeNew" name="NegativeCountry" time="0.001">
    <skipped/>
  </testcase> <!-- NegativeCountry -->
  <testcase classname="webautomation.FormFillingNegativeNew" name="init" time="0.000">
    <error message="unexpected alert open: {Alert text : }
  (Session info: chrome=87.0.4280.141)
  (Driver info: chromedriver=2.41.578700 (2f1ed5f9343c13f73144538f15c00b370eda6706),platform=Linux 5.4.0-62-generic x86_64) (WARNING: The server did not provide any stacktrace information)
Command duration or timeout: 0 milliseconds: null
Build info: version: &#039;3.11.0&#039;, revision: &#039;e59cfb3&#039;, time: &#039;2018-03-11T20:26:55.152Z&#039;
System info: host: &#039;mamta-Latitude-3400&#039;, ip: &#039;127.0.1.1&#039;, os.name: &#039;Linux&#039;, os.arch: &#039;amd64&#039;, os.version: &#039;5.4.0-62-generic&#039;, java.version: &#039;11.0.9.1&#039;
Driver info: org.openqa.selenium.chrome.ChromeDriver
Capabilities {acceptInsecureCerts: false, acceptSslCerts: false, applicationCacheEnabled: false, browserConnectionEnabled: false, browserName: chrome, chrome: {chromedriverVersion: 2.41.578700 (2f1ed5f9343c13..., userDataDir: /tmp/.org.chromium.Chromium...}, cssSelectorsEnabled: true, databaseEnabled: false, goog:chromeOptions: {debuggerAddress: localhost:38901}, handlesAlerts: true, hasTouchScreen: false, javascriptEnabled: true, locationContextEnabled: true, mobileEmulationEnabled: false, nativeEvents: true, networkConnectionEnabled: false, pageLoadStrategy: normal, platform: LINUX, platformName: LINUX, rotatable: false, setWindowRect: true, takesHeapSnapshot: true, takesScreenshot: true, unexpectedAlertBehaviour: , unhandledPromptBehavior: , version: 87.0.4280.141, webStorageEnabled: true}
Session ID: 7d593085e872443ac05a395064d9c14f" type="org.openqa.selenium.UnhandledAlertException">
      <![CDATA[org.openqa.selenium.UnhandledAlertException: unexpected alert open: {Alert text : }
  (Session info: chrome=87.0.4280.141)
  (Driver info: chromedriver=2.41.578700 (2f1ed5f9343c13f73144538f15c00b370eda6706),platform=Linux 5.4.0-62-generic x86_64) (WARNING: The server did not provide any stacktrace information)
Command duration or timeout: 0 milliseconds: null
Build info: version: '3.11.0', revision: 'e59cfb3', time: '2018-03-11T20:26:55.152Z'
System info: host: 'mamta-Latitude-3400', ip: '127.0.1.1', os.name: 'Linux', os.arch: 'amd64', os.version: '5.4.0-62-generic', java.version: '11.0.9.1'
Driver info: org.openqa.selenium.chrome.ChromeDriver
Capabilities {acceptInsecureCerts: false, acceptSslCerts: false, applicationCacheEnabled: false, browserConnectionEnabled: false, browserName: chrome, chrome: {chromedriverVersion: 2.41.578700 (2f1ed5f9343c13..., userDataDir: /tmp/.org.chromium.Chromium...}, cssSelectorsEnabled: true, databaseEnabled: false, goog:chromeOptions: {debuggerAddress: localhost:38901}, handlesAlerts: true, hasTouchScreen: false, javascriptEnabled: true, locationContextEnabled: true, mobileEmulationEnabled: false, nativeEvents: true, networkConnectionEnabled: false, pageLoadStrategy: normal, platform: LINUX, platformName: LINUX, rotatable: false, setWindowRect: true, takesHeapSnapshot: true, takesScreenshot: true, unexpectedAlertBehaviour: , unhandledPromptBehavior: , version: 87.0.4280.141, webStorageEnabled: true}
Session ID: 7d593085e872443ac05a395064d9c14f
	at java.base/jdk.internal.reflect.NativeConstructorAccessorImpl.newInstance0(Native Method)
	at java.base/jdk.internal.reflect.NativeConstructorAccessorImpl.newInstance(NativeConstructorAccessorImpl.java:62)
	at java.base/jdk.internal.reflect.DelegatingConstructorAccessorImpl.newInstance(DelegatingConstructorAccessorImpl.java:45)
	at java.base/java.lang.reflect.Constructor.newInstance(Constructor.java:490)
	at org.openqa.selenium.remote.ErrorHandler.createThrowable(ErrorHandler.java:214)
	at org.openqa.selenium.remote.ErrorHandler.throwIfResponseFailed(ErrorHandler.java:172)
	at org.openqa.selenium.remote.http.JsonHttpResponseCodec.reconstructValue(JsonHttpResponseCodec.java:40)
	at org.openqa.selenium.remote.http.AbstractHttpResponseCodec.decode(AbstractHttpResponseCodec.java:80)
	at org.openqa.selenium.remote.http.AbstractHttpResponseCodec.decode(AbstractHttpResponseCodec.java:44)
	at org.openqa.selenium.remote.HttpCommandExecutor.execute(HttpCommandExecutor.java:158)
	at org.openqa.selenium.remote.service.DriverCommandExecutor.execute(DriverCommandExecutor.java:83)
	at org.openqa.selenium.remote.RemoteWebDriver.execute(RemoteWebDriver.java:545)
	at org.openqa.selenium.remote.RemoteWebDriver.get(RemoteWebDriver.java:273)
	at org.openqa.selenium.remote.RemoteWebDriver$RemoteNavigation.to(RemoteWebDriver.java:856)
	at webautomation.FormFillingNegativeNew.init(FormFillingNegativeNew.java:25)
	at java.base/jdk.internal.reflect.NativeMethodAccessorImpl.invoke0(Native Method)
	at java.base/jdk.internal.reflect.NativeMethodAccessorImpl.invoke(NativeMethodAccessorImpl.java:62)
	at java.base/jdk.internal.reflect.DelegatingMethodAccessorImpl.invoke(DelegatingMethodAccessorImpl.java:43)
	at java.base/java.lang.reflect.Method.invoke(Method.java:566)
	at org.testng.internal.MethodInvocationHelper.invokeMethod(MethodInvocationHelper.java:104)
	at org.testng.internal.Invoker.invokeConfigurationMethod(Invoker.java:515)
	at org.testng.internal.Invoker.invokeConfigurations(Invoker.java:217)
	at org.testng.internal.Invoker.invokeConfigurations(Invoker.java:144)
	at org.testng.internal.TestMethodWorker.invokeBeforeClassMethods(TestMethodWorker.java:169)
	at org.testng.internal.TestMethodWorker.run(TestMethodWorker.java:108)
	at org.testng.TestRunner.privateRun(TestRunner.java:756)
	at org.testng.TestRunner.run(TestRunner.java:610)
	at org.testng.SuiteRunner.runTest(SuiteRunner.java:387)
	at org.testng.SuiteRunner.runSequentially(SuiteRunner.java:382)
	at org.testng.SuiteRunner.privateRun(SuiteRunner.java:340)
	at org.testng.SuiteRunner.run(SuiteRunner.java:289)
	at org.testng.SuiteRunnerWorker.runSuite(SuiteRunnerWorker.java:52)
	at org.testng.SuiteRunnerWorker.run(SuiteRunnerWorker.java:86)
	at org.testng.TestNG.runSuitesSequentially(TestNG.java:1293)
	at org.testng.TestNG.runSuitesLocally(TestNG.java:1218)
	at org.testng.TestNG.runSuites(TestNG.java:1133)
	at org.testng.TestNG.run(TestNG.java:1104)
	at org.testng.remote.AbstractRemoteTestNG.run(AbstractRemoteTestNG.java:115)
	at org.testng.remote.RemoteTestNG.initAndRun(RemoteTestNG.java:251)
	at org.testng.remote.RemoteTestNG.main(RemoteTestNG.java:77)
]]>
    </error>
  </testcase> <!-- init -->
  <testcase classname="webautomation.FormFillingNegativeNew" name="NegativeCompany" time="0.002">
    <skipped/>
  </testcase> <!-- NegativeCompany -->
  <testcase classname="Base.WebCapabilities" name="LaunchBrowser">
    <skipped/>
  </testcase> <!-- LaunchBrowser -->
  <testcase classname="Base.WebCapabilities" name="LaunchBrowser">
    <skipped/>
  </testcase> <!-- LaunchBrowser -->
  <testcase classname="Base.WebCapabilities" name="LaunchBrowser">
    <skipped/>
  </testcase> <!-- LaunchBrowser -->
  <testcase classname="Base.WebCapabilities" name="LaunchBrowser">
    <skipped/>
  </testcase> <!-- LaunchBrowser -->
  <testcase classname="Base.WebCapabilities" name="LaunchBrowser">
    <skipped/>
  </testcase> <!-- LaunchBrowser -->
  <testcase classname="Base.WebCapabilities" name="closeApplication">
    <skipped/>
  </testcase> <!-- closeApplication -->
  <testcase classname="Base.WebCapabilities" name="closeApplication">
    <skipped/>
  </testcase> <!-- closeApplication -->
  <testcase classname="Base.WebCapabilities" name="closeApplication">
    <skipped/>
  </testcase> <!-- closeApplication -->
  <testcase classname="Base.WebCapabilities" name="closeApplication">
    <skipped/>
  </testcase> <!-- closeApplication -->
  <testcase classname="Base.WebCapabilities" name="closeApplication">
    <skipped/>
  </testcase> <!-- closeApplication -->
  <testcase classname="Base.WebCapabilities" name="createReport">
    <skipped/>
  </testcase> <!-- createReport -->
  <testcase classname="Base.WebCapabilities" name="createReport">
    <skipped/>
  </testcase> <!-- createReport -->
  <testcase classname="Base.WebCapabilities" name="createReport">
    <skipped/>
  </testcase> <!-- createReport -->
  <testcase classname="Base.WebCapabilities" name="createReport">
    <skipped/>
  </testcase> <!-- createReport -->
  <testcase classname="Base.WebCapabilities" name="createReport">
    <skipped/>
  </testcase> <!-- createReport -->
  <testcase classname="Base.WebCapabilities" name="flush">
    <skipped/>
  </testcase> <!-- flush -->
  <testcase classname="Base.WebCapabilities" name="flush">
    <skipped/>
  </testcase> <!-- flush -->
  <testcase classname="Base.WebCapabilities" name="flush">
    <skipped/>
  </testcase> <!-- flush -->
  <testcase classname="Base.WebCapabilities" name="flush">
    <skipped/>
  </testcase> <!-- flush -->
  <testcase classname="Base.WebCapabilities" name="flush">
    <skipped/>
  </testcase> <!-- flush -->
</testsuite> <!-- webautomation.FormFillingNegativeNew -->
