<?xml version="1.0" encoding="UTF-8"?>
<!-- Generated by org.testng.reporters.JUnitReportReporter -->
<testsuite name="webautomation.FormFillingNegative" tests="10" time="2087.247" ignored="4" failures="0" timestamp="03 Apr 2020 11:56:54 GMT" skipped="0" hostname="riya-Latitude-3400" errors="0">
  <testcase name="NegativePhoneNumber" time="261.611" classname="webautomation.FormFillingNegative"/>
  <testcase name="NegativeLastName" time="260.605" classname="webautomation.FormFillingNegative"/>
  <testcase name="NegativeEmail" time="280.614" classname="webautomation.FormFillingNegative"/>
  <testcase name="NegativeReasonforInquiry" time="47.130" classname="webautomation.FormFillingNegative"/>
  <testcase name="NegativeCity" time="287.403" classname="webautomation.FormFillingNegative"/>
  <testcase name="NegativeGDPRCountry" time="126.028" classname="webautomation.FormFillingNegative"/>
  <testcase name="NegativeCountry" time="132.070" classname="webautomation.FormFillingNegative"/>
  <testcase name="NegativeFirstName" time="245.132" classname="webautomation.FormFillingNegative"/>
  <testcase name="NegativeCompany" time="172.995" classname="webautomation.FormFillingNegative"/>
  <testcase name="NegativeJobTitle" time="273.659" classname="webautomation.FormFillingNegative"/>
  <testcase name="closeApplication" classname="Base.WebCapabilities">
    <skipped/>
  </testcase> <!-- closeApplication -->
  <testcase name="createReport" classname="Base.WebCapabilities">
    <skipped/>
  </testcase> <!-- createReport -->
  <testcase name="LaunchBrowser" classname="Base.WebCapabilities">
    <skipped/>
  </testcase> <!-- LaunchBrowser -->
  <testcase name="flush" classname="Base.WebCapabilities">
    <skipped/>
  </testcase> <!-- flush -->
</testsuite> <!-- webautomation.FormFillingNegative -->
