<?xml version="1.0" encoding="UTF-8"?>
<!-- Generated by org.testng.reporters.JUnitReportReporter -->
<testsuite name="webautomation.FormFillingNegative" tests="10" time="0.000" ignored="4" failures="0" timestamp="20 Apr 2020 07:27:23 GMT" skipped="10" hostname="riya-Latitude-3400" errors="0">
  <testcase name="NegativeGDPRCountry" time="0.000" classname="webautomation.FormFillingNegative">
    <skipped/>
  </testcase> <!-- NegativeGDPRCountry -->
  <testcase name="NegativePhoneNumber" time="0.000" classname="webautomation.FormFillingNegative">
    <skipped/>
  </testcase> <!-- NegativePhoneNumber -->
  <testcase name="NegativeReasonforInquiry" time="0.000" classname="webautomation.FormFillingNegative">
    <skipped/>
  </testcase> <!-- NegativeReasonforInquiry -->
  <testcase name="NegativeCity" time="0.000" classname="webautomation.FormFillingNegative">
    <skipped/>
  </testcase> <!-- NegativeCity -->
  <testcase name="NegativeJobTitle" time="0.000" classname="webautomation.FormFillingNegative">
    <skipped/>
  </testcase> <!-- NegativeJobTitle -->
  <testcase name="NegativeCompany" time="0.000" classname="webautomation.FormFillingNegative">
    <skipped/>
  </testcase> <!-- NegativeCompany -->
  <testcase name="NegativeCountry" time="0.000" classname="webautomation.FormFillingNegative">
    <skipped/>
  </testcase> <!-- NegativeCountry -->
  <testcase name="NegativeFirstName" time="0.000" classname="webautomation.FormFillingNegative">
    <skipped/>
  </testcase> <!-- NegativeFirstName -->
  <testcase name="NegativeEmail" time="0.000" classname="webautomation.FormFillingNegative">
    <skipped/>
  </testcase> <!-- NegativeEmail -->
  <testcase name="NegativeLastName" time="0.000" classname="webautomation.FormFillingNegative">
    <skipped/>
  </testcase> <!-- NegativeLastName -->
  <testcase name="closeApplication" classname="Base.WebCapabilities">
    <skipped/>
  </testcase> <!-- closeApplication -->
  <testcase name="createReport" classname="Base.WebCapabilities">
    <skipped/>
  </testcase> <!-- createReport -->
  <testcase name="LaunchBrowser" classname="Base.WebCapabilities">
    <skipped/>
  </testcase> <!-- LaunchBrowser -->
  <testcase name="flush" classname="Base.WebCapabilities">
    <skipped/>
  </testcase> <!-- flush -->
</testsuite> <!-- webautomation.FormFillingNegative -->
