<?xml version="1.0" encoding="UTF-8"?>
<!-- Generated by org.testng.reporters.JUnitReportReporter -->
<testsuite ignored="8" hostname="mamta-Latitude-3400" failures="0" tests="1" name="webautomation.linkpageflow" time="232.533" errors="0" timestamp="01 Apr 2021 17:35:54 GMT" skipped="0">
  <testcase classname="webautomation.linkpageflow" name="firsturl" time="232.533"/>
  <testcase classname="Base.WebCapabilities" name="closeApplication">
    <skipped/>
  </testcase> <!-- closeApplication -->
  <testcase classname="Base.WebCapabilities" name="closeApplication">
    <skipped/>
  </testcase> <!-- closeApplication -->
  <testcase classname="Base.WebCapabilities" name="createReport">
    <skipped/>
  </testcase> <!-- createReport -->
  <testcase classname="Base.WebCapabilities" name="createReport">
    <skipped/>
  </testcase> <!-- createReport -->
  <testcase classname="Base.WebCapabilities" name="LaunchBrowser">
    <skipped/>
  </testcase> <!-- LaunchBrowser -->
  <testcase classname="Base.WebCapabilities" name="LaunchBrowser">
    <skipped/>
  </testcase> <!-- LaunchBrowser -->
  <testcase classname="Base.WebCapabilities" name="flush">
    <skipped/>
  </testcase> <!-- flush -->
  <testcase classname="Base.WebCapabilities" name="flush">
    <skipped/>
  </testcase> <!-- flush -->
</testsuite> <!-- webautomation.linkpageflow -->
