<?xml version="1.0" encoding="UTF-8"?>
<!-- Generated by org.testng.reporters.JUnitReportReporter -->
<testsuite name="webautomation.FormFillingNegative" tests="10" time="1975.177" ignored="4" failures="0" timestamp="16 Apr 2020 05:30:37 GMT" skipped="0" hostname="riya-Latitude-3400" errors="0">
  <testcase name="NegativeReasonforInquiry" time="41.881" classname="webautomation.FormFillingNegative"/>
  <testcase name="NegativeFirstName" time="254.085" classname="webautomation.FormFillingNegative"/>
  <testcase name="NegativeCity" time="254.191" classname="webautomation.FormFillingNegative"/>
  <testcase name="NegativeGDPRCountry" time="88.561" classname="webautomation.FormFillingNegative"/>
  <testcase name="NegativeCompany" time="169.173" classname="webautomation.FormFillingNegative"/>
  <testcase name="NegativeCountry" time="125.439" classname="webautomation.FormFillingNegative"/>
  <testcase name="NegativeLastName" time="264.415" classname="webautomation.FormFillingNegative"/>
  <testcase name="NegativeEmail" time="254.210" classname="webautomation.FormFillingNegative"/>
  <testcase name="NegativeJobTitle" time="253.682" classname="webautomation.FormFillingNegative"/>
  <testcase name="NegativePhoneNumber" time="269.540" classname="webautomation.FormFillingNegative"/>
  <testcase name="closeApplication" classname="Base.WebCapabilities">
    <skipped/>
  </testcase> <!-- closeApplication -->
  <testcase name="createReport" classname="Base.WebCapabilities">
    <skipped/>
  </testcase> <!-- createReport -->
  <testcase name="LaunchBrowser" classname="Base.WebCapabilities">
    <skipped/>
  </testcase> <!-- LaunchBrowser -->
  <testcase name="flush" classname="Base.WebCapabilities">
    <skipped/>
  </testcase> <!-- flush -->
</testsuite> <!-- webautomation.FormFillingNegative -->
