<?xml version="1.0" encoding="UTF-8"?>
<!-- Generated by org.testng.reporters.JUnitReportReporter -->
<testsuite name="webautomation.FormFilling" tests="1" time="33.975" ignored="0" failures="0" timestamp="31 Mar 2020 12:23:41 GMT" skipped="0" hostname="riya-Latitude-3400" errors="0">
  <testcase name="validLogin" time="33.975" classname="webautomation.FormFilling"/>
</testsuite> <!-- webautomation.FormFilling -->
