<?xml version="1.0" encoding="UTF-8"?>
<!-- Generated by org.testng.reporters.JUnitReportReporter -->
<testsuite name="webautomation.FormFillingNegative" tests="10" time="1936.214" ignored="4" failures="0" timestamp="08 Apr 2020 12:20:26 GMT" skipped="0" hostname="riya-Latitude-3400" errors="0">
  <testcase name="NegativeEmail" time="235.016" classname="webautomation.FormFillingNegative"/>
  <testcase name="NegativePhoneNumber" time="233.988" classname="webautomation.FormFillingNegative"/>
  <testcase name="NegativeCompany" time="158.004" classname="webautomation.FormFillingNegative"/>
  <testcase name="NegativeGDPRCountry" time="77.400" classname="webautomation.FormFillingNegative"/>
  <testcase name="NegativeReasonforInquiry" time="37.986" classname="webautomation.FormFillingNegative"/>
  <testcase name="NegativeFirstName" time="367.722" classname="webautomation.FormFillingNegative"/>
  <testcase name="NegativeCity" time="236.981" classname="webautomation.FormFillingNegative"/>
  <testcase name="NegativeLastName" time="239.100" classname="webautomation.FormFillingNegative"/>
  <testcase name="NegativeJobTitle" time="234.976" classname="webautomation.FormFillingNegative"/>
  <testcase name="NegativeCountry" time="115.041" classname="webautomation.FormFillingNegative"/>
  <testcase name="closeApplication" classname="Base.WebCapabilities">
    <skipped/>
  </testcase> <!-- closeApplication -->
  <testcase name="createReport" classname="Base.WebCapabilities">
    <skipped/>
  </testcase> <!-- createReport -->
  <testcase name="LaunchBrowser" classname="Base.WebCapabilities">
    <skipped/>
  </testcase> <!-- LaunchBrowser -->
  <testcase name="flush" classname="Base.WebCapabilities">
    <skipped/>
  </testcase> <!-- flush -->
</testsuite> <!-- webautomation.FormFillingNegative -->
