<?xml version="1.0" encoding="UTF-8"?>
<!-- Generated by org.testng.reporters.JUnitReportReporter -->
<testsuite name="mobileautomation.Downloads" tests="1" time="85.742" ignored="0" failures="0" timestamp="23 Apr 2020 06:31:19 GMT" skipped="0" hostname="riya-Latitude-3400" errors="0">
  <testcase name="downloads" time="85.742" classname="mobileautomation.Downloads"/>
</testsuite> <!-- mobileautomation.Downloads -->
