<?xml version="1.0" encoding="UTF-8"?>
<!-- Generated by org.testng.reporters.JUnitReportReporter -->
<testsuite name="webautomation.linkpageflow" tests="1" time="532.161" ignored="0" failures="0" timestamp="18 Mar 2020 07:08:18 GMT" skipped="0" hostname="DESKTOP-C4D5SMD" errors="0">
  <testcase name="firsturl" time="532.161" classname="webautomation.linkpageflow"/>
</testsuite> <!-- webautomation.linkpageflow -->
