<?xml version="1.0" encoding="UTF-8"?>
<!-- Generated by org.testng.reporters.JUnitReportReporter -->
<testsuite name="webautomation.Mobile" tests="1" time="44.138" ignored="0" failures="0" timestamp="13 Apr 2020 09:38:23 GMT" skipped="0" hostname="riya-Latitude-3400" errors="0">
  <testcase name="mobile" time="44.138" classname="webautomation.Mobile"/>
</testsuite> <!-- webautomation.Mobile -->
