<?xml version="1.0" encoding="UTF-8"?>
<!-- Generated by org.testng.reporters.JUnitReportReporter -->
<testsuite name="project.AddClaim" tests="1" time="35.574" ignored="0" failures="0" timestamp="28 Jan 2019 07:53:36 GMT" skipped="0" hostname="avinash-aw" errors="0">
  <testcase name="AddClaim" time="35.574" classname="project.AddClaim"/>
</testsuite> <!-- project.AddClaim -->
