<?xml version="1.0" encoding="UTF-8"?>
<!-- Generated by org.testng.reporters.JUnitReportReporter -->
<testsuite name="mobileautomation.AddClaim" tests="1" time="37.794" ignored="8" failures="0" timestamp="01 Feb 2019 07:24:28 GMT" skipped="0" hostname="chanchal" errors="0">
  <testcase name="AddClaim" time="37.794" classname="mobileautomation.AddClaim"/>
  <testcase name="flush" classname="Base.AndroidCapabilities">
    <skipped/>
  </testcase> <!-- flush -->
  <testcase name="flush" classname="Base.AndroidCapabilities">
    <skipped/>
  </testcase> <!-- flush -->
  <testcase name="createReport" classname="Base.AndroidCapabilities">
    <skipped/>
  </testcase> <!-- createReport -->
  <testcase name="createReport" classname="Base.AndroidCapabilities">
    <skipped/>
  </testcase> <!-- createReport -->
  <testcase name="setUp" classname="Base.AndroidCapabilities">
    <skipped/>
  </testcase> <!-- setUp -->
  <testcase name="setUp" classname="Base.AndroidCapabilities">
    <skipped/>
  </testcase> <!-- setUp -->
  <testcase name="closeApplication" classname="Base.AndroidCapabilities">
    <skipped/>
  </testcase> <!-- closeApplication -->
  <testcase name="closeApplication" classname="Base.AndroidCapabilities">
    <skipped/>
  </testcase> <!-- closeApplication -->
</testsuite> <!-- mobileautomation.AddClaim -->
