<?xml version="1.0" encoding="UTF-8"?>
<!-- Generated by org.testng.reporters.JUnitReportReporter -->
<testsuite name="webautomation.DownloadsNegative" tests="7" time="1658.917" ignored="0" failures="0" timestamp="03 Apr 2020 15:38:15 GMT" skipped="0" hostname="riya-Latitude-3400" errors="0">
  <testcase name="NegativeEmail" time="231.355" classname="webautomation.DownloadsNegative"/>
  <testcase name="NegativeFirstName" time="74.683" classname="webautomation.DownloadsNegative"/>
  <testcase name="NegativeLastName" time="231.676" classname="webautomation.DownloadsNegative"/>
  <testcase name="NegativePhoneNumber" time="230.986" classname="webautomation.DownloadsNegative"/>
  <testcase name="NegativeCompany" time="200.760" classname="webautomation.DownloadsNegative"/>
  <testcase name="NegativeCountry" time="414.019" classname="webautomation.DownloadsNegative"/>
  <testcase name="NegativeJobTitle" time="275.438" classname="webautomation.DownloadsNegative"/>
</testsuite> <!-- webautomation.DownloadsNegative -->
