<?xml version="1.0" encoding="UTF-8"?>
<!-- Generated by org.testng.reporters.JUnitReportReporter -->
<testsuite name="webautomation.MobileNegative" tests="1" time="73.947" ignored="0" failures="0" timestamp="01 Apr 2020 12:20:39 GMT" skipped="0" hostname="riya-Latitude-3400" errors="0">
  <testcase name="Firstnamenegative" time="73.947" classname="webautomation.MobileNegative"/>
</testsuite> <!-- webautomation.MobileNegative -->
