<?xml version="1.0" encoding="UTF-8"?>
<!-- Generated by org.testng.reporters.JUnitReportReporter -->
<testsuite name="mobileautomation.Login" tests="1" time="9.280" ignored="0" failures="0" timestamp="12 Feb 2019 11:31:16 GMT" skipped="0" hostname="Chanchals-Mac-mini.local" errors="0">
  <testcase name="validLogin" time="9.280" classname="mobileautomation.Login"/>
</testsuite> <!-- mobileautomation.Login -->
