<?xml version="1.0" encoding="UTF-8"?>
<!-- Generated by org.testng.reporters.JUnitReportReporter -->
<testsuite ignored="0" hostname="mamta-Latitude-3400" failures="0" tests="1" name="webautomation.Downloads" time="745.764" errors="0" timestamp="26 Apr 2021 20:28:14 GMT" skipped="0">
  <testcase classname="webautomation.Downloads" name="downloads" time="745.764"/>
</testsuite> <!-- webautomation.Downloads -->
