<?xml version="1.0" encoding="UTF-8"?>
<!-- Generated by org.testng.reporters.JUnitReportReporter -->
<testsuite name="mobileautomation.Server" tests="1" time="0.000" ignored="12" failures="0" timestamp="23 May 2019 13:10:26 GMT" skipped="1" hostname="chanchal-java" errors="0">
  <testcase name="server" time="0.000" classname="mobileautomation.Server">
    <skipped/>
  </testcase> <!-- server -->
  <testcase name="flush" classname="Base.AndroidCapabilities">
    <skipped/>
  </testcase> <!-- flush -->
  <testcase name="flush" classname="Base.AndroidCapabilities">
    <skipped/>
  </testcase> <!-- flush -->
  <testcase name="flush" classname="Base.AndroidCapabilities">
    <skipped/>
  </testcase> <!-- flush -->
  <testcase name="createReport" classname="Base.AndroidCapabilities">
    <skipped/>
  </testcase> <!-- createReport -->
  <testcase name="createReport" classname="Base.AndroidCapabilities">
    <skipped/>
  </testcase> <!-- createReport -->
  <testcase name="createReport" classname="Base.AndroidCapabilities">
    <skipped/>
  </testcase> <!-- createReport -->
  <testcase name="setUp" classname="Base.AndroidCapabilities">
    <skipped/>
  </testcase> <!-- setUp -->
  <testcase name="setUp" classname="Base.AndroidCapabilities">
    <skipped/>
  </testcase> <!-- setUp -->
  <testcase name="setUp" classname="Base.AndroidCapabilities">
    <skipped/>
  </testcase> <!-- setUp -->
  <testcase name="closeApplication" classname="Base.AndroidCapabilities">
    <skipped/>
  </testcase> <!-- closeApplication -->
  <testcase name="closeApplication" classname="Base.AndroidCapabilities">
    <skipped/>
  </testcase> <!-- closeApplication -->
  <testcase name="closeApplication" classname="Base.AndroidCapabilities">
    <skipped/>
  </testcase> <!-- closeApplication -->
</testsuite> <!-- mobileautomation.Server -->
