<?xml version="1.0" encoding="UTF-8"?>
<!-- Generated by org.testng.reporters.JUnitReportReporter -->
<testsuite name="webautomation.linkpageflow" tests="1" time="292.212" ignored="0" failures="0" timestamp="02 Mar 2021 06:58:08 GMT" skipped="0" hostname="riya-Latitude-3400" errors="0">
  <testcase name="firsturl" time="292.212" classname="webautomation.linkpageflow"/>
</testsuite> <!-- webautomation.linkpageflow -->
