<?xml version="1.0" encoding="UTF-8"?>
<!-- Generated by org.testng.reporters.JUnitReportReporter -->
<testsuite name="mobileautomation.ContactForm" tests="1" time="62.650" ignored="0" failures="0" timestamp="08 Apr 2020 10:13:04 GMT" skipped="0" hostname="riya-Latitude-3400" errors="0">
  <testcase name="contactForm" time="62.650" classname="mobileautomation.ContactForm"/>
</testsuite> <!-- mobileautomation.ContactForm -->
