<?xml version="1.0" encoding="UTF-8"?>
<!-- Generated by org.testng.reporters.JUnitReportReporter -->
<testsuite name="project.LocateProvider5" tests="1" time="0.002" ignored="6" failures="0" timestamp="25 Jan 2019 12:00:02 GMT" skipped="1" hostname="Chanchals-Mac-mini.local" errors="0">
  <testcase name="locateProvider" time="0.002" classname="project.LocateProvider5">
    <skipped/>
  </testcase> <!-- locateProvider -->
  <testcase name="flush" classname="Base.Capabilities">
    <skipped/>
  </testcase> <!-- flush -->
  <testcase name="flush" classname="Base.Capabilities">
    <skipped/>
  </testcase> <!-- flush -->
  <testcase name="flush" classname="Base.Capabilities">
    <skipped/>
  </testcase> <!-- flush -->
  <testcase name="createReport" classname="Base.Capabilities">
    <skipped/>
  </testcase> <!-- createReport -->
  <testcase name="createReport" classname="Base.Capabilities">
    <skipped/>
  </testcase> <!-- createReport -->
  <testcase name="createReport" classname="Base.Capabilities">
    <skipped/>
  </testcase> <!-- createReport -->
</testsuite> <!-- project.LocateProvider5 -->
