<?xml version="1.0" encoding="UTF-8"?>
<!-- Generated by org.testng.reporters.JUnitReportReporter -->
<testsuite name="webautomation.FormFillingNegative" tests="10" time="1969.148" ignored="4" failures="0" timestamp="02 Apr 2020 12:14:05 GMT" skipped="0" hostname="riya-Latitude-3400" errors="0">
  <testcase name="NegativeLastName" time="256.826" classname="webautomation.FormFillingNegative"/>
  <testcase name="NegativePhoneNumber" time="259.849" classname="webautomation.FormFillingNegative"/>
  <testcase name="NegativeCompany" time="177.360" classname="webautomation.FormFillingNegative"/>
  <testcase name="NegativeGDPRCountry" time="84.412" classname="webautomation.FormFillingNegative"/>
  <testcase name="NegativeCity" time="259.003" classname="webautomation.FormFillingNegative"/>
  <testcase name="NegativeJobTitle" time="263.991" classname="webautomation.FormFillingNegative"/>
  <testcase name="NegativeReasonforInquiry" time="42.795" classname="webautomation.FormFillingNegative"/>
  <testcase name="NegativeCountry" time="128.543" classname="webautomation.FormFillingNegative"/>
  <testcase name="NegativeFirstName" time="242.388" classname="webautomation.FormFillingNegative"/>
  <testcase name="NegativeEmail" time="253.981" classname="webautomation.FormFillingNegative"/>
  <testcase name="closeApplication" classname="Base.WebCapabilities">
    <skipped/>
  </testcase> <!-- closeApplication -->
  <testcase name="createReport" classname="Base.WebCapabilities">
    <skipped/>
  </testcase> <!-- createReport -->
  <testcase name="LaunchBrowser" classname="Base.WebCapabilities">
    <skipped/>
  </testcase> <!-- LaunchBrowser -->
  <testcase name="flush" classname="Base.WebCapabilities">
    <skipped/>
  </testcase> <!-- flush -->
</testsuite> <!-- webautomation.FormFillingNegative -->
