<?xml version="1.0" encoding="UTF-8"?>
<!-- Generated by org.testng.reporters.JUnitReportReporter -->
<testsuite name="project.verifyMembershipText" tests="1" time="22.882" ignored="0" failures="0" timestamp="24 Jan 2019 12:39:37 GMT" skipped="0" hostname="Chanchals-Mac-mini.local" errors="0">
  <testcase name="verifyMembershiptext" time="22.882" classname="project.verifyMembershipText"/>
</testsuite> <!-- project.verifyMembershipText -->
