<?xml version="1.0" encoding="UTF-8"?>
<!-- Generated by org.testng.reporters.JUnitReportReporter -->
<testsuite name="webAutomation.Login2" tests="1" time="6.616" ignored="0" failures="0" timestamp="11 Feb 2019 12:57:59 GMT" skipped="0" hostname="Chanchals-Mac-mini.local" errors="0">
  <testcase name="validLogin" time="6.616" classname="webAutomation.Login2"/>
</testsuite> <!-- webAutomation.Login2 -->
