<?xml version="1.0" encoding="UTF-8"?>
<!-- Generated by org.testng.reporters.JUnitReportReporter -->
<testsuite name="webautomation.FormFillingNegativeNew" tests="10" time="1772.406" ignored="4" failures="0" timestamp="23 Apr 2020 11:14:11 GMT" skipped="0" hostname="riya-Latitude-3400" errors="0">
  <testcase name="NegativePhoneNumber" time="230.978" classname="webautomation.FormFillingNegativeNew"/>
  <testcase name="NegativeLastName" time="234.174" classname="webautomation.FormFillingNegativeNew"/>
  <testcase name="NegativeEmail" time="229.358" classname="webautomation.FormFillingNegativeNew"/>
  <testcase name="NegativeReasonforInquiry" time="42.717" classname="webautomation.FormFillingNegativeNew"/>
  <testcase name="NegativeCity" time="238.787" classname="webautomation.FormFillingNegativeNew"/>
  <testcase name="NegativeGDPRCountry" time="83.438" classname="webautomation.FormFillingNegativeNew"/>
  <testcase name="NegativeCountry" time="113.112" classname="webautomation.FormFillingNegativeNew"/>
  <testcase name="NegativeFirstName" time="215.721" classname="webautomation.FormFillingNegativeNew"/>
  <testcase name="NegativeCompany" time="153.245" classname="webautomation.FormFillingNegativeNew"/>
  <testcase name="NegativeJobTitle" time="230.876" classname="webautomation.FormFillingNegativeNew"/>
  <testcase name="closeApplication" classname="Base.WebCapabilities">
    <skipped/>
  </testcase> <!-- closeApplication -->
  <testcase name="createReport" classname="Base.WebCapabilities">
    <skipped/>
  </testcase> <!-- createReport -->
  <testcase name="LaunchBrowser" classname="Base.WebCapabilities">
    <skipped/>
  </testcase> <!-- LaunchBrowser -->
  <testcase name="flush" classname="Base.WebCapabilities">
    <skipped/>
  </testcase> <!-- flush -->
</testsuite> <!-- webautomation.FormFillingNegativeNew -->
