<?xml version="1.0" encoding="UTF-8"?>
<!-- Generated by org.testng.reporters.JUnitReportReporter -->
<testsuite name="webautomation.FormFillingNegative" tests="10" time="1805.937" ignored="4" failures="0" timestamp="09 Apr 2020 11:34:57 GMT" skipped="0" hostname="riya-Latitude-3400" errors="0">
  <testcase name="NegativePhoneNumber" time="236.980" classname="webautomation.FormFillingNegative"/>
  <testcase name="NegativeLastName" time="234.425" classname="webautomation.FormFillingNegative"/>
  <testcase name="NegativeEmail" time="241.991" classname="webautomation.FormFillingNegative"/>
  <testcase name="NegativeCountry" time="117.007" classname="webautomation.FormFillingNegative"/>
  <testcase name="NegativeJobTitle" time="237.932" classname="webautomation.FormFillingNegative"/>
  <testcase name="NegativeCity" time="239.626" classname="webautomation.FormFillingNegative"/>
  <testcase name="NegativeCompany" time="160.042" classname="webautomation.FormFillingNegative"/>
  <testcase name="NegativeFirstName" time="221.531" classname="webautomation.FormFillingNegative"/>
  <testcase name="NegativeGDPRCountry" time="77.049" classname="webautomation.FormFillingNegative"/>
  <testcase name="NegativeReasonforInquiry" time="39.354" classname="webautomation.FormFillingNegative"/>
  <testcase name="closeApplication" classname="Base.WebCapabilities">
    <skipped/>
  </testcase> <!-- closeApplication -->
  <testcase name="createReport" classname="Base.WebCapabilities">
    <skipped/>
  </testcase> <!-- createReport -->
  <testcase name="LaunchBrowser" classname="Base.WebCapabilities">
    <skipped/>
  </testcase> <!-- LaunchBrowser -->
  <testcase name="flush" classname="Base.WebCapabilities">
    <skipped/>
  </testcase> <!-- flush -->
</testsuite> <!-- webautomation.FormFillingNegative -->
