<?xml version="1.0" encoding="UTF-8"?>
<!-- Generated by org.testng.reporters.JUnitReportReporter -->
<testsuite name="mobileautomation.Downloads" tests="1" time="85.553" ignored="0" failures="0" timestamp="08 Apr 2020 13:22:24 GMT" skipped="0" hostname="riya-Latitude-3400" errors="0">
  <testcase name="downloads" time="85.553" classname="mobileautomation.Downloads"/>
</testsuite> <!-- mobileautomation.Downloads -->
