<?xml version="1.0" encoding="UTF-8"?>
<!-- Generated by org.testng.reporters.JUnitReportReporter -->
<testsuite name="mobileautomation.FormFilling" tests="1" time="58.013" ignored="0" failures="0" timestamp="03 Apr 2019 10:06:54 GMT" skipped="0" hostname="chanchal" errors="0">
  <testcase name="formFilling" time="58.013" classname="mobileautomation.FormFilling"/>
</testsuite> <!-- mobileautomation.FormFilling -->
