<?xml version="1.0" encoding="UTF-8"?>
<!-- Generated by org.testng.reporters.JUnitReportReporter -->
<testsuite name="webautomation.FormFillingNegative" tests="10" time="1987.578" ignored="0" failures="0" timestamp="01 Apr 2020 09:33:25 GMT" skipped="0" hostname="riya-Latitude-3400" errors="0">
  <testcase name="NegativeReasonforInquiry" time="43.698" classname="webautomation.FormFillingNegative"/>
  <testcase name="NegativeCompany" time="171.604" classname="webautomation.FormFillingNegative"/>
  <testcase name="NegativeGDPRCountry" time="84.393" classname="webautomation.FormFillingNegative"/>
  <testcase name="NegativePhoneNumber" time="269.177" classname="webautomation.FormFillingNegative"/>
  <testcase name="NegativeCountry" time="126.156" classname="webautomation.FormFillingNegative"/>
  <testcase name="NegativeJobTitle" time="253.687" classname="webautomation.FormFillingNegative"/>
  <testcase name="NegativeFirstName" time="251.057" classname="webautomation.FormFillingNegative"/>
  <testcase name="NegativeEmail" time="260.353" classname="webautomation.FormFillingNegative"/>
  <testcase name="NegativeCity" time="261.225" classname="webautomation.FormFillingNegative"/>
  <testcase name="NegativeLastName" time="266.228" classname="webautomation.FormFillingNegative"/>
</testsuite> <!-- webautomation.FormFillingNegative -->
