<?xml version="1.0" encoding="UTF-8"?>
<!-- Generated by org.testng.reporters.JUnitReportReporter -->
<testsuite name="webautomation.FormFillingNegative" tests="10" time="2023.931" ignored="4" failures="0" timestamp="15 Apr 2020 04:32:50 GMT" skipped="0" hostname="riya-Latitude-3400" errors="0">
  <testcase name="NegativePhoneNumber" time="255.775" classname="webautomation.FormFillingNegative"/>
  <testcase name="NegativeGDPRCountry" time="89.835" classname="webautomation.FormFillingNegative"/>
  <testcase name="NegativeFirstName" time="243.525" classname="webautomation.FormFillingNegative"/>
  <testcase name="NegativeLastName" time="257.257" classname="webautomation.FormFillingNegative"/>
  <testcase name="NegativeCountry" time="134.663" classname="webautomation.FormFillingNegative"/>
  <testcase name="NegativeReasonforInquiry" time="46.077" classname="webautomation.FormFillingNegative"/>
  <testcase name="NegativeEmail" time="265.796" classname="webautomation.FormFillingNegative"/>
  <testcase name="NegativeJobTitle" time="273.405" classname="webautomation.FormFillingNegative"/>
  <testcase name="NegativeCity" time="276.460" classname="webautomation.FormFillingNegative"/>
  <testcase name="NegativeCompany" time="181.138" classname="webautomation.FormFillingNegative"/>
  <testcase name="closeApplication" classname="Base.WebCapabilities">
    <skipped/>
  </testcase> <!-- closeApplication -->
  <testcase name="createReport" classname="Base.WebCapabilities">
    <skipped/>
  </testcase> <!-- createReport -->
  <testcase name="LaunchBrowser" classname="Base.WebCapabilities">
    <skipped/>
  </testcase> <!-- LaunchBrowser -->
  <testcase name="flush" classname="Base.WebCapabilities">
    <skipped/>
  </testcase> <!-- flush -->
</testsuite> <!-- webautomation.FormFillingNegative -->
