<?xml version="1.0" encoding="UTF-8"?>
<!-- Generated by org.testng.reporters.JUnitReportReporter -->
<testsuite name="project.verifyMembershipText" tests="1" time="25.435" ignored="0" failures="0" timestamp="25 Jan 2019 04:45:37 GMT" skipped="0" hostname="Chanchals-Mac-mini.local" errors="0">
  <testcase name="verifyMembershiptext" time="25.435" classname="project.verifyMembershipText"/>
</testsuite> <!-- project.verifyMembershipText -->
