<?xml version="1.0" encoding="UTF-8"?>
<!-- Generated by org.testng.reporters.JUnitReportReporter -->
<testsuite name="webautomation.Downloads" tests="1" time="45.617" ignored="0" failures="0" timestamp="03 Apr 2020 06:32:35 GMT" skipped="0" hostname="riya-Latitude-3400" errors="0">
  <testcase name="downloads" time="45.617" classname="webautomation.Downloads"/>
</testsuite> <!-- webautomation.Downloads -->
