<?xml version="1.0" encoding="UTF-8"?>
<!-- Generated by org.testng.reporters.JUnitReportReporter -->
<testsuite name="mobileautomation.FormFillingNegative" tests="7" time="24.467" ignored="0" failures="0" timestamp="23 Apr 2020 10:16:37 GMT" skipped="0" hostname="riya-Latitude-3400" errors="7">
  <testcase name="formFillingCountryNegative" time="24.224" classname="mobileautomation.FormFillingNegative">
    <error type="org.openqa.selenium.WebDriverException" message="An unknown server-side error occurred while processing the command. Original error: chrome not reachable
  (Session info: chrome=74.0.3729.185)
  (Driver info: chromedriver=74.0.3729.6 (255758eccf3d244491b8a1317aa76e1ce10d57e9-refs/branch-heads/3729@{#29}),platform=Linux 4.15.0-1079-oem x86_64)
Build info: version: &#039;3.11.0&#039;, revision: &#039;e59cfb3&#039;, time: &#039;2018-03-11T20:26:55.152Z&#039;
System info: host: &#039;riya-Latitude-3400&#039;, ip: &#039;127.0.1.1&#039;, os.name: &#039;Linux&#039;, os.arch: &#039;amd64&#039;, os.version: &#039;4.15.0-1079-oem&#039;, java.version: &#039;1.8.0_242&#039;
Driver info: io.appium.java_client.android.AndroidDriver
Capabilities {Emulator: true, appActivity: com.google.android.apps.chr..., appPackage: com.android.chrome, browserName: Chrome, chromedriverExecutable: /home/riya/Documents/chrome..., databaseEnabled: false, desired: {Emulator: true, browserName: Chrome, chromedriverExecutable: /home/riya/Documents/chrome..., deviceName: Emulator-5554 Pixel_XL_API_29, platformName: android, version: 8.0}, deviceApiLevel: 29, deviceManufacturer: Google, deviceModel: Android SDK built for x86, deviceName: emulator-5554, deviceScreenDensity: 560, deviceScreenSize: 1440x2560, deviceUDID: emulator-5554, javascriptEnabled: true, locationContextEnabled: false, networkConnectionEnabled: true, pixelRatio: 3.5, platform: LINUX, platformName: LINUX, platformVersion: 10, statBarHeight: 84, takesScreenshot: true, version: 8.0, viewportRect: {height: 2308, left: 0, top: 84, width: 1440}, warnings: {}, webStorageEnabled: false}
Session ID: 0dab4e42-dbc1-4751-ad8d-03c425eca55c">
      <![CDATA[org.openqa.selenium.WebDriverException: An unknown server-side error occurred while processing the command. Original error: chrome not reachable
  (Session info: chrome=74.0.3729.185)
  (Driver info: chromedriver=74.0.3729.6 (255758eccf3d244491b8a1317aa76e1ce10d57e9-refs/branch-heads/3729@{#29}),platform=Linux 4.15.0-1079-oem x86_64)
Build info: version: '3.11.0', revision: 'e59cfb3', time: '2018-03-11T20:26:55.152Z'
System info: host: 'riya-Latitude-3400', ip: '127.0.1.1', os.name: 'Linux', os.arch: 'amd64', os.version: '4.15.0-1079-oem', java.version: '1.8.0_242'
Driver info: io.appium.java_client.android.AndroidDriver
Capabilities {Emulator: true, appActivity: com.google.android.apps.chr..., appPackage: com.android.chrome, browserName: Chrome, chromedriverExecutable: /home/riya/Documents/chrome..., databaseEnabled: false, desired: {Emulator: true, browserName: Chrome, chromedriverExecutable: /home/riya/Documents/chrome..., deviceName: Emulator-5554 Pixel_XL_API_29, platformName: android, version: 8.0}, deviceApiLevel: 29, deviceManufacturer: Google, deviceModel: Android SDK built for x86, deviceName: emulator-5554, deviceScreenDensity: 560, deviceScreenSize: 1440x2560, deviceUDID: emulator-5554, javascriptEnabled: true, locationContextEnabled: false, networkConnectionEnabled: true, pixelRatio: 3.5, platform: LINUX, platformName: LINUX, platformVersion: 10, statBarHeight: 84, takesScreenshot: true, version: 8.0, viewportRect: {height: 2308, left: 0, top: 84, width: 1440}, warnings: {}, webStorageEnabled: false}
Session ID: 0dab4e42-dbc1-4751-ad8d-03c425eca55c
	at sun.reflect.NativeConstructorAccessorImpl.newInstance0(Native Method)
	at sun.reflect.NativeConstructorAccessorImpl.newInstance(NativeConstructorAccessorImpl.java:62)
	at sun.reflect.DelegatingConstructorAccessorImpl.newInstance(DelegatingConstructorAccessorImpl.java:45)
	at java.lang.reflect.Constructor.newInstance(Constructor.java:423)
	at org.openqa.selenium.remote.http.W3CHttpResponseCodec.createException(W3CHttpResponseCodec.java:187)
	at org.openqa.selenium.remote.http.W3CHttpResponseCodec.decode(W3CHttpResponseCodec.java:122)
	at org.openqa.selenium.remote.http.W3CHttpResponseCodec.decode(W3CHttpResponseCodec.java:49)
	at org.openqa.selenium.remote.HttpCommandExecutor.execute(HttpCommandExecutor.java:158)
	at io.appium.java_client.remote.AppiumCommandExecutor.execute(AppiumCommandExecutor.java:129)
	at org.openqa.selenium.remote.RemoteWebDriver.execute(RemoteWebDriver.java:545)
	at io.appium.java_client.DefaultGenericMobileDriver.execute(DefaultGenericMobileDriver.java:46)
	at io.appium.java_client.AppiumDriver.execute(AppiumDriver.java:1)
	at io.appium.java_client.android.AndroidDriver.execute(AndroidDriver.java:1)
	at org.openqa.selenium.remote.RemoteWebDriver.getScreenshotAs(RemoteWebDriver.java:291)
	at Base.AndroidCapabilities.captureScreenShots(AndroidCapabilities.java:239)
	at mobileautomation.FormFillingNegative.formFillingCountryNegative(FormFillingNegative.java:2802)
	at sun.reflect.NativeMethodAccessorImpl.invoke0(Native Method)
	at sun.reflect.NativeMethodAccessorImpl.invoke(NativeMethodAccessorImpl.java:62)
	at sun.reflect.DelegatingMethodAccessorImpl.invoke(DelegatingMethodAccessorImpl.java:43)
	at java.lang.reflect.Method.invoke(Method.java:498)
	at org.testng.internal.MethodInvocationHelper.invokeMethod(MethodInvocationHelper.java:104)
	at org.testng.internal.Invoker.invokeMethod(Invoker.java:645)
	at org.testng.internal.Invoker.invokeTestMethod(Invoker.java:851)
	at org.testng.internal.Invoker.invokeTestMethods(Invoker.java:1177)
	at org.testng.internal.TestMethodWorker.invokeTestMethods(TestMethodWorker.java:129)
	at org.testng.internal.TestMethodWorker.run(TestMethodWorker.java:112)
	at org.testng.TestRunner.privateRun(TestRunner.java:756)
	at org.testng.TestRunner.run(TestRunner.java:610)
	at org.testng.SuiteRunner.runTest(SuiteRunner.java:387)
	at org.testng.SuiteRunner.runSequentially(SuiteRunner.java:382)
	at org.testng.SuiteRunner.privateRun(SuiteRunner.java:340)
	at org.testng.SuiteRunner.run(SuiteRunner.java:289)
	at org.testng.SuiteRunnerWorker.runSuite(SuiteRunnerWorker.java:52)
	at org.testng.SuiteRunnerWorker.run(SuiteRunnerWorker.java:86)
	at org.testng.TestNG.runSuitesSequentially(TestNG.java:1293)
	at org.testng.TestNG.runSuitesLocally(TestNG.java:1218)
	at org.testng.TestNG.runSuites(TestNG.java:1133)
	at org.testng.TestNG.run(TestNG.java:1104)
	at org.testng.remote.AbstractRemoteTestNG.run(AbstractRemoteTestNG.java:115)
	at org.testng.remote.RemoteTestNG.initAndRun(RemoteTestNG.java:251)
	at org.testng.remote.RemoteTestNG.main(RemoteTestNG.java:77)
]]>
    </error>
  </testcase> <!-- formFillingCountryNegative -->
  <testcase name="formFillingCompanyNegative" time="0.036" classname="mobileautomation.FormFillingNegative">
    <error type="org.openqa.selenium.WebDriverException" message="An unknown server-side error occurred while processing the command. Original error: chrome not reachable
  (Session info: chrome=74.0.3729.185)
  (Driver info: chromedriver=74.0.3729.6 (255758eccf3d244491b8a1317aa76e1ce10d57e9-refs/branch-heads/3729@{#29}),platform=Linux 4.15.0-1079-oem x86_64)
Build info: version: &#039;3.11.0&#039;, revision: &#039;e59cfb3&#039;, time: &#039;2018-03-11T20:26:55.152Z&#039;
System info: host: &#039;riya-Latitude-3400&#039;, ip: &#039;127.0.1.1&#039;, os.name: &#039;Linux&#039;, os.arch: &#039;amd64&#039;, os.version: &#039;4.15.0-1079-oem&#039;, java.version: &#039;1.8.0_242&#039;
Driver info: io.appium.java_client.android.AndroidDriver
Capabilities {Emulator: true, appActivity: com.google.android.apps.chr..., appPackage: com.android.chrome, browserName: Chrome, chromedriverExecutable: /home/riya/Documents/chrome..., databaseEnabled: false, desired: {Emulator: true, browserName: Chrome, chromedriverExecutable: /home/riya/Documents/chrome..., deviceName: Emulator-5554 Pixel_XL_API_29, platformName: android, version: 8.0}, deviceApiLevel: 29, deviceManufacturer: Google, deviceModel: Android SDK built for x86, deviceName: emulator-5554, deviceScreenDensity: 560, deviceScreenSize: 1440x2560, deviceUDID: emulator-5554, javascriptEnabled: true, locationContextEnabled: false, networkConnectionEnabled: true, pixelRatio: 3.5, platform: LINUX, platformName: LINUX, platformVersion: 10, statBarHeight: 84, takesScreenshot: true, version: 8.0, viewportRect: {height: 2308, left: 0, top: 84, width: 1440}, warnings: {}, webStorageEnabled: false}
Session ID: 0dab4e42-dbc1-4751-ad8d-03c425eca55c">
      <![CDATA[org.openqa.selenium.WebDriverException: An unknown server-side error occurred while processing the command. Original error: chrome not reachable
  (Session info: chrome=74.0.3729.185)
  (Driver info: chromedriver=74.0.3729.6 (255758eccf3d244491b8a1317aa76e1ce10d57e9-refs/branch-heads/3729@{#29}),platform=Linux 4.15.0-1079-oem x86_64)
Build info: version: '3.11.0', revision: 'e59cfb3', time: '2018-03-11T20:26:55.152Z'
System info: host: 'riya-Latitude-3400', ip: '127.0.1.1', os.name: 'Linux', os.arch: 'amd64', os.version: '4.15.0-1079-oem', java.version: '1.8.0_242'
Driver info: io.appium.java_client.android.AndroidDriver
Capabilities {Emulator: true, appActivity: com.google.android.apps.chr..., appPackage: com.android.chrome, browserName: Chrome, chromedriverExecutable: /home/riya/Documents/chrome..., databaseEnabled: false, desired: {Emulator: true, browserName: Chrome, chromedriverExecutable: /home/riya/Documents/chrome..., deviceName: Emulator-5554 Pixel_XL_API_29, platformName: android, version: 8.0}, deviceApiLevel: 29, deviceManufacturer: Google, deviceModel: Android SDK built for x86, deviceName: emulator-5554, deviceScreenDensity: 560, deviceScreenSize: 1440x2560, deviceUDID: emulator-5554, javascriptEnabled: true, locationContextEnabled: false, networkConnectionEnabled: true, pixelRatio: 3.5, platform: LINUX, platformName: LINUX, platformVersion: 10, statBarHeight: 84, takesScreenshot: true, version: 8.0, viewportRect: {height: 2308, left: 0, top: 84, width: 1440}, warnings: {}, webStorageEnabled: false}
Session ID: 0dab4e42-dbc1-4751-ad8d-03c425eca55c
	at sun.reflect.NativeConstructorAccessorImpl.newInstance0(Native Method)
	at sun.reflect.NativeConstructorAccessorImpl.newInstance(NativeConstructorAccessorImpl.java:62)
	at sun.reflect.DelegatingConstructorAccessorImpl.newInstance(DelegatingConstructorAccessorImpl.java:45)
	at java.lang.reflect.Constructor.newInstance(Constructor.java:423)
	at org.openqa.selenium.remote.http.W3CHttpResponseCodec.createException(W3CHttpResponseCodec.java:187)
	at org.openqa.selenium.remote.http.W3CHttpResponseCodec.decode(W3CHttpResponseCodec.java:122)
	at org.openqa.selenium.remote.http.W3CHttpResponseCodec.decode(W3CHttpResponseCodec.java:49)
	at org.openqa.selenium.remote.HttpCommandExecutor.execute(HttpCommandExecutor.java:158)
	at io.appium.java_client.remote.AppiumCommandExecutor.execute(AppiumCommandExecutor.java:129)
	at org.openqa.selenium.remote.RemoteWebDriver.execute(RemoteWebDriver.java:545)
	at io.appium.java_client.DefaultGenericMobileDriver.execute(DefaultGenericMobileDriver.java:46)
	at io.appium.java_client.AppiumDriver.execute(AppiumDriver.java:1)
	at io.appium.java_client.android.AndroidDriver.execute(AndroidDriver.java:1)
	at org.openqa.selenium.remote.RemoteWebDriver.getScreenshotAs(RemoteWebDriver.java:291)
	at Base.AndroidCapabilities.captureScreenShots(AndroidCapabilities.java:239)
	at mobileautomation.FormFillingNegative.formFillingCompanyNegative(FormFillingNegative.java:2236)
	at sun.reflect.NativeMethodAccessorImpl.invoke0(Native Method)
	at sun.reflect.NativeMethodAccessorImpl.invoke(NativeMethodAccessorImpl.java:62)
	at sun.reflect.DelegatingMethodAccessorImpl.invoke(DelegatingMethodAccessorImpl.java:43)
	at java.lang.reflect.Method.invoke(Method.java:498)
	at org.testng.internal.MethodInvocationHelper.invokeMethod(MethodInvocationHelper.java:104)
	at org.testng.internal.Invoker.invokeMethod(Invoker.java:645)
	at org.testng.internal.Invoker.invokeTestMethod(Invoker.java:851)
	at org.testng.internal.Invoker.invokeTestMethods(Invoker.java:1177)
	at org.testng.internal.TestMethodWorker.invokeTestMethods(TestMethodWorker.java:129)
	at org.testng.internal.TestMethodWorker.run(TestMethodWorker.java:112)
	at org.testng.TestRunner.privateRun(TestRunner.java:756)
	at org.testng.TestRunner.run(TestRunner.java:610)
	at org.testng.SuiteRunner.runTest(SuiteRunner.java:387)
	at org.testng.SuiteRunner.runSequentially(SuiteRunner.java:382)
	at org.testng.SuiteRunner.privateRun(SuiteRunner.java:340)
	at org.testng.SuiteRunner.run(SuiteRunner.java:289)
	at org.testng.SuiteRunnerWorker.runSuite(SuiteRunnerWorker.java:52)
	at org.testng.SuiteRunnerWorker.run(SuiteRunnerWorker.java:86)
	at org.testng.TestNG.runSuitesSequentially(TestNG.java:1293)
	at org.testng.TestNG.runSuitesLocally(TestNG.java:1218)
	at org.testng.TestNG.runSuites(TestNG.java:1133)
	at org.testng.TestNG.run(TestNG.java:1104)
	at org.testng.remote.AbstractRemoteTestNG.run(AbstractRemoteTestNG.java:115)
	at org.testng.remote.RemoteTestNG.initAndRun(RemoteTestNG.java:251)
	at org.testng.remote.RemoteTestNG.main(RemoteTestNG.java:77)
]]>
    </error>
  </testcase> <!-- formFillingCompanyNegative -->
  <testcase name="formFillingPhonenumberNegative" time="0.049" classname="mobileautomation.FormFillingNegative">
    <error type="org.openqa.selenium.WebDriverException" message="An unknown server-side error occurred while processing the command. Original error: chrome not reachable
  (Session info: chrome=74.0.3729.185)
  (Driver info: chromedriver=74.0.3729.6 (255758eccf3d244491b8a1317aa76e1ce10d57e9-refs/branch-heads/3729@{#29}),platform=Linux 4.15.0-1079-oem x86_64)
Build info: version: &#039;3.11.0&#039;, revision: &#039;e59cfb3&#039;, time: &#039;2018-03-11T20:26:55.152Z&#039;
System info: host: &#039;riya-Latitude-3400&#039;, ip: &#039;127.0.1.1&#039;, os.name: &#039;Linux&#039;, os.arch: &#039;amd64&#039;, os.version: &#039;4.15.0-1079-oem&#039;, java.version: &#039;1.8.0_242&#039;
Driver info: io.appium.java_client.android.AndroidDriver
Capabilities {Emulator: true, appActivity: com.google.android.apps.chr..., appPackage: com.android.chrome, browserName: Chrome, chromedriverExecutable: /home/riya/Documents/chrome..., databaseEnabled: false, desired: {Emulator: true, browserName: Chrome, chromedriverExecutable: /home/riya/Documents/chrome..., deviceName: Emulator-5554 Pixel_XL_API_29, platformName: android, version: 8.0}, deviceApiLevel: 29, deviceManufacturer: Google, deviceModel: Android SDK built for x86, deviceName: emulator-5554, deviceScreenDensity: 560, deviceScreenSize: 1440x2560, deviceUDID: emulator-5554, javascriptEnabled: true, locationContextEnabled: false, networkConnectionEnabled: true, pixelRatio: 3.5, platform: LINUX, platformName: LINUX, platformVersion: 10, statBarHeight: 84, takesScreenshot: true, version: 8.0, viewportRect: {height: 2308, left: 0, top: 84, width: 1440}, warnings: {}, webStorageEnabled: false}
Session ID: 0dab4e42-dbc1-4751-ad8d-03c425eca55c">
      <![CDATA[org.openqa.selenium.WebDriverException: An unknown server-side error occurred while processing the command. Original error: chrome not reachable
  (Session info: chrome=74.0.3729.185)
  (Driver info: chromedriver=74.0.3729.6 (255758eccf3d244491b8a1317aa76e1ce10d57e9-refs/branch-heads/3729@{#29}),platform=Linux 4.15.0-1079-oem x86_64)
Build info: version: '3.11.0', revision: 'e59cfb3', time: '2018-03-11T20:26:55.152Z'
System info: host: 'riya-Latitude-3400', ip: '127.0.1.1', os.name: 'Linux', os.arch: 'amd64', os.version: '4.15.0-1079-oem', java.version: '1.8.0_242'
Driver info: io.appium.java_client.android.AndroidDriver
Capabilities {Emulator: true, appActivity: com.google.android.apps.chr..., appPackage: com.android.chrome, browserName: Chrome, chromedriverExecutable: /home/riya/Documents/chrome..., databaseEnabled: false, desired: {Emulator: true, browserName: Chrome, chromedriverExecutable: /home/riya/Documents/chrome..., deviceName: Emulator-5554 Pixel_XL_API_29, platformName: android, version: 8.0}, deviceApiLevel: 29, deviceManufacturer: Google, deviceModel: Android SDK built for x86, deviceName: emulator-5554, deviceScreenDensity: 560, deviceScreenSize: 1440x2560, deviceUDID: emulator-5554, javascriptEnabled: true, locationContextEnabled: false, networkConnectionEnabled: true, pixelRatio: 3.5, platform: LINUX, platformName: LINUX, platformVersion: 10, statBarHeight: 84, takesScreenshot: true, version: 8.0, viewportRect: {height: 2308, left: 0, top: 84, width: 1440}, warnings: {}, webStorageEnabled: false}
Session ID: 0dab4e42-dbc1-4751-ad8d-03c425eca55c
	at sun.reflect.NativeConstructorAccessorImpl.newInstance0(Native Method)
	at sun.reflect.NativeConstructorAccessorImpl.newInstance(NativeConstructorAccessorImpl.java:62)
	at sun.reflect.DelegatingConstructorAccessorImpl.newInstance(DelegatingConstructorAccessorImpl.java:45)
	at java.lang.reflect.Constructor.newInstance(Constructor.java:423)
	at org.openqa.selenium.remote.http.W3CHttpResponseCodec.createException(W3CHttpResponseCodec.java:187)
	at org.openqa.selenium.remote.http.W3CHttpResponseCodec.decode(W3CHttpResponseCodec.java:122)
	at org.openqa.selenium.remote.http.W3CHttpResponseCodec.decode(W3CHttpResponseCodec.java:49)
	at org.openqa.selenium.remote.HttpCommandExecutor.execute(HttpCommandExecutor.java:158)
	at io.appium.java_client.remote.AppiumCommandExecutor.execute(AppiumCommandExecutor.java:129)
	at org.openqa.selenium.remote.RemoteWebDriver.execute(RemoteWebDriver.java:545)
	at io.appium.java_client.DefaultGenericMobileDriver.execute(DefaultGenericMobileDriver.java:46)
	at io.appium.java_client.AppiumDriver.execute(AppiumDriver.java:1)
	at io.appium.java_client.android.AndroidDriver.execute(AndroidDriver.java:1)
	at org.openqa.selenium.remote.RemoteWebDriver.getScreenshotAs(RemoteWebDriver.java:291)
	at Base.AndroidCapabilities.captureScreenShots(AndroidCapabilities.java:239)
	at mobileautomation.FormFillingNegative.formFillingPhonenumberNegative(FormFillingNegative.java:1443)
	at sun.reflect.NativeMethodAccessorImpl.invoke0(Native Method)
	at sun.reflect.NativeMethodAccessorImpl.invoke(NativeMethodAccessorImpl.java:62)
	at sun.reflect.DelegatingMethodAccessorImpl.invoke(DelegatingMethodAccessorImpl.java:43)
	at java.lang.reflect.Method.invoke(Method.java:498)
	at org.testng.internal.MethodInvocationHelper.invokeMethod(MethodInvocationHelper.java:104)
	at org.testng.internal.Invoker.invokeMethod(Invoker.java:645)
	at org.testng.internal.Invoker.invokeTestMethod(Invoker.java:851)
	at org.testng.internal.Invoker.invokeTestMethods(Invoker.java:1177)
	at org.testng.internal.TestMethodWorker.invokeTestMethods(TestMethodWorker.java:129)
	at org.testng.internal.TestMethodWorker.run(TestMethodWorker.java:112)
	at org.testng.TestRunner.privateRun(TestRunner.java:756)
	at org.testng.TestRunner.run(TestRunner.java:610)
	at org.testng.SuiteRunner.runTest(SuiteRunner.java:387)
	at org.testng.SuiteRunner.runSequentially(SuiteRunner.java:382)
	at org.testng.SuiteRunner.privateRun(SuiteRunner.java:340)
	at org.testng.SuiteRunner.run(SuiteRunner.java:289)
	at org.testng.SuiteRunnerWorker.runSuite(SuiteRunnerWorker.java:52)
	at org.testng.SuiteRunnerWorker.run(SuiteRunnerWorker.java:86)
	at org.testng.TestNG.runSuitesSequentially(TestNG.java:1293)
	at org.testng.TestNG.runSuitesLocally(TestNG.java:1218)
	at org.testng.TestNG.runSuites(TestNG.java:1133)
	at org.testng.TestNG.run(TestNG.java:1104)
	at org.testng.remote.AbstractRemoteTestNG.run(AbstractRemoteTestNG.java:115)
	at org.testng.remote.RemoteTestNG.initAndRun(RemoteTestNG.java:251)
	at org.testng.remote.RemoteTestNG.main(RemoteTestNG.java:77)
]]>
    </error>
  </testcase> <!-- formFillingPhonenumberNegative -->
  <testcase name="formFillinglastnameNegative" time="0.048" classname="mobileautomation.FormFillingNegative">
    <error type="org.openqa.selenium.WebDriverException" message="An unknown server-side error occurred while processing the command. Original error: chrome not reachable
  (Session info: chrome=74.0.3729.185)
  (Driver info: chromedriver=74.0.3729.6 (255758eccf3d244491b8a1317aa76e1ce10d57e9-refs/branch-heads/3729@{#29}),platform=Linux 4.15.0-1079-oem x86_64)
Build info: version: &#039;3.11.0&#039;, revision: &#039;e59cfb3&#039;, time: &#039;2018-03-11T20:26:55.152Z&#039;
System info: host: &#039;riya-Latitude-3400&#039;, ip: &#039;127.0.1.1&#039;, os.name: &#039;Linux&#039;, os.arch: &#039;amd64&#039;, os.version: &#039;4.15.0-1079-oem&#039;, java.version: &#039;1.8.0_242&#039;
Driver info: io.appium.java_client.android.AndroidDriver
Capabilities {Emulator: true, appActivity: com.google.android.apps.chr..., appPackage: com.android.chrome, browserName: Chrome, chromedriverExecutable: /home/riya/Documents/chrome..., databaseEnabled: false, desired: {Emulator: true, browserName: Chrome, chromedriverExecutable: /home/riya/Documents/chrome..., deviceName: Emulator-5554 Pixel_XL_API_29, platformName: android, version: 8.0}, deviceApiLevel: 29, deviceManufacturer: Google, deviceModel: Android SDK built for x86, deviceName: emulator-5554, deviceScreenDensity: 560, deviceScreenSize: 1440x2560, deviceUDID: emulator-5554, javascriptEnabled: true, locationContextEnabled: false, networkConnectionEnabled: true, pixelRatio: 3.5, platform: LINUX, platformName: LINUX, platformVersion: 10, statBarHeight: 84, takesScreenshot: true, version: 8.0, viewportRect: {height: 2308, left: 0, top: 84, width: 1440}, warnings: {}, webStorageEnabled: false}
Session ID: 0dab4e42-dbc1-4751-ad8d-03c425eca55c">
      <![CDATA[org.openqa.selenium.WebDriverException: An unknown server-side error occurred while processing the command. Original error: chrome not reachable
  (Session info: chrome=74.0.3729.185)
  (Driver info: chromedriver=74.0.3729.6 (255758eccf3d244491b8a1317aa76e1ce10d57e9-refs/branch-heads/3729@{#29}),platform=Linux 4.15.0-1079-oem x86_64)
Build info: version: '3.11.0', revision: 'e59cfb3', time: '2018-03-11T20:26:55.152Z'
System info: host: 'riya-Latitude-3400', ip: '127.0.1.1', os.name: 'Linux', os.arch: 'amd64', os.version: '4.15.0-1079-oem', java.version: '1.8.0_242'
Driver info: io.appium.java_client.android.AndroidDriver
Capabilities {Emulator: true, appActivity: com.google.android.apps.chr..., appPackage: com.android.chrome, browserName: Chrome, chromedriverExecutable: /home/riya/Documents/chrome..., databaseEnabled: false, desired: {Emulator: true, browserName: Chrome, chromedriverExecutable: /home/riya/Documents/chrome..., deviceName: Emulator-5554 Pixel_XL_API_29, platformName: android, version: 8.0}, deviceApiLevel: 29, deviceManufacturer: Google, deviceModel: Android SDK built for x86, deviceName: emulator-5554, deviceScreenDensity: 560, deviceScreenSize: 1440x2560, deviceUDID: emulator-5554, javascriptEnabled: true, locationContextEnabled: false, networkConnectionEnabled: true, pixelRatio: 3.5, platform: LINUX, platformName: LINUX, platformVersion: 10, statBarHeight: 84, takesScreenshot: true, version: 8.0, viewportRect: {height: 2308, left: 0, top: 84, width: 1440}, warnings: {}, webStorageEnabled: false}
Session ID: 0dab4e42-dbc1-4751-ad8d-03c425eca55c
	at sun.reflect.NativeConstructorAccessorImpl.newInstance0(Native Method)
	at sun.reflect.NativeConstructorAccessorImpl.newInstance(NativeConstructorAccessorImpl.java:62)
	at sun.reflect.DelegatingConstructorAccessorImpl.newInstance(DelegatingConstructorAccessorImpl.java:45)
	at java.lang.reflect.Constructor.newInstance(Constructor.java:423)
	at org.openqa.selenium.remote.http.W3CHttpResponseCodec.createException(W3CHttpResponseCodec.java:187)
	at org.openqa.selenium.remote.http.W3CHttpResponseCodec.decode(W3CHttpResponseCodec.java:122)
	at org.openqa.selenium.remote.http.W3CHttpResponseCodec.decode(W3CHttpResponseCodec.java:49)
	at org.openqa.selenium.remote.HttpCommandExecutor.execute(HttpCommandExecutor.java:158)
	at io.appium.java_client.remote.AppiumCommandExecutor.execute(AppiumCommandExecutor.java:129)
	at org.openqa.selenium.remote.RemoteWebDriver.execute(RemoteWebDriver.java:545)
	at io.appium.java_client.DefaultGenericMobileDriver.execute(DefaultGenericMobileDriver.java:46)
	at io.appium.java_client.AppiumDriver.execute(AppiumDriver.java:1)
	at io.appium.java_client.android.AndroidDriver.execute(AndroidDriver.java:1)
	at org.openqa.selenium.remote.RemoteWebDriver.getScreenshotAs(RemoteWebDriver.java:291)
	at Base.AndroidCapabilities.captureScreenShots(AndroidCapabilities.java:239)
	at mobileautomation.FormFillingNegative.formFillinglastnameNegative(FormFillingNegative.java:979)
	at sun.reflect.NativeMethodAccessorImpl.invoke0(Native Method)
	at sun.reflect.NativeMethodAccessorImpl.invoke(NativeMethodAccessorImpl.java:62)
	at sun.reflect.DelegatingMethodAccessorImpl.invoke(DelegatingMethodAccessorImpl.java:43)
	at java.lang.reflect.Method.invoke(Method.java:498)
	at org.testng.internal.MethodInvocationHelper.invokeMethod(MethodInvocationHelper.java:104)
	at org.testng.internal.Invoker.invokeMethod(Invoker.java:645)
	at org.testng.internal.Invoker.invokeTestMethod(Invoker.java:851)
	at org.testng.internal.Invoker.invokeTestMethods(Invoker.java:1177)
	at org.testng.internal.TestMethodWorker.invokeTestMethods(TestMethodWorker.java:129)
	at org.testng.internal.TestMethodWorker.run(TestMethodWorker.java:112)
	at org.testng.TestRunner.privateRun(TestRunner.java:756)
	at org.testng.TestRunner.run(TestRunner.java:610)
	at org.testng.SuiteRunner.runTest(SuiteRunner.java:387)
	at org.testng.SuiteRunner.runSequentially(SuiteRunner.java:382)
	at org.testng.SuiteRunner.privateRun(SuiteRunner.java:340)
	at org.testng.SuiteRunner.run(SuiteRunner.java:289)
	at org.testng.SuiteRunnerWorker.runSuite(SuiteRunnerWorker.java:52)
	at org.testng.SuiteRunnerWorker.run(SuiteRunnerWorker.java:86)
	at org.testng.TestNG.runSuitesSequentially(TestNG.java:1293)
	at org.testng.TestNG.runSuitesLocally(TestNG.java:1218)
	at org.testng.TestNG.runSuites(TestNG.java:1133)
	at org.testng.TestNG.run(TestNG.java:1104)
	at org.testng.remote.AbstractRemoteTestNG.run(AbstractRemoteTestNG.java:115)
	at org.testng.remote.RemoteTestNG.initAndRun(RemoteTestNG.java:251)
	at org.testng.remote.RemoteTestNG.main(RemoteTestNG.java:77)
]]>
    </error>
  </testcase> <!-- formFillinglastnameNegative -->
  <testcase name="formFillingfirstnameNegative" time="0.030" classname="mobileautomation.FormFillingNegative">
    <error type="org.openqa.selenium.WebDriverException" message="An unknown server-side error occurred while processing the command. Original error: chrome not reachable
  (Session info: chrome=74.0.3729.185)
  (Driver info: chromedriver=74.0.3729.6 (255758eccf3d244491b8a1317aa76e1ce10d57e9-refs/branch-heads/3729@{#29}),platform=Linux 4.15.0-1079-oem x86_64)
Build info: version: &#039;3.11.0&#039;, revision: &#039;e59cfb3&#039;, time: &#039;2018-03-11T20:26:55.152Z&#039;
System info: host: &#039;riya-Latitude-3400&#039;, ip: &#039;127.0.1.1&#039;, os.name: &#039;Linux&#039;, os.arch: &#039;amd64&#039;, os.version: &#039;4.15.0-1079-oem&#039;, java.version: &#039;1.8.0_242&#039;
Driver info: io.appium.java_client.android.AndroidDriver
Capabilities {Emulator: true, appActivity: com.google.android.apps.chr..., appPackage: com.android.chrome, browserName: Chrome, chromedriverExecutable: /home/riya/Documents/chrome..., databaseEnabled: false, desired: {Emulator: true, browserName: Chrome, chromedriverExecutable: /home/riya/Documents/chrome..., deviceName: Emulator-5554 Pixel_XL_API_29, platformName: android, version: 8.0}, deviceApiLevel: 29, deviceManufacturer: Google, deviceModel: Android SDK built for x86, deviceName: emulator-5554, deviceScreenDensity: 560, deviceScreenSize: 1440x2560, deviceUDID: emulator-5554, javascriptEnabled: true, locationContextEnabled: false, networkConnectionEnabled: true, pixelRatio: 3.5, platform: LINUX, platformName: LINUX, platformVersion: 10, statBarHeight: 84, takesScreenshot: true, version: 8.0, viewportRect: {height: 2308, left: 0, top: 84, width: 1440}, warnings: {}, webStorageEnabled: false}
Session ID: 0dab4e42-dbc1-4751-ad8d-03c425eca55c">
      <![CDATA[org.openqa.selenium.WebDriverException: An unknown server-side error occurred while processing the command. Original error: chrome not reachable
  (Session info: chrome=74.0.3729.185)
  (Driver info: chromedriver=74.0.3729.6 (255758eccf3d244491b8a1317aa76e1ce10d57e9-refs/branch-heads/3729@{#29}),platform=Linux 4.15.0-1079-oem x86_64)
Build info: version: '3.11.0', revision: 'e59cfb3', time: '2018-03-11T20:26:55.152Z'
System info: host: 'riya-Latitude-3400', ip: '127.0.1.1', os.name: 'Linux', os.arch: 'amd64', os.version: '4.15.0-1079-oem', java.version: '1.8.0_242'
Driver info: io.appium.java_client.android.AndroidDriver
Capabilities {Emulator: true, appActivity: com.google.android.apps.chr..., appPackage: com.android.chrome, browserName: Chrome, chromedriverExecutable: /home/riya/Documents/chrome..., databaseEnabled: false, desired: {Emulator: true, browserName: Chrome, chromedriverExecutable: /home/riya/Documents/chrome..., deviceName: Emulator-5554 Pixel_XL_API_29, platformName: android, version: 8.0}, deviceApiLevel: 29, deviceManufacturer: Google, deviceModel: Android SDK built for x86, deviceName: emulator-5554, deviceScreenDensity: 560, deviceScreenSize: 1440x2560, deviceUDID: emulator-5554, javascriptEnabled: true, locationContextEnabled: false, networkConnectionEnabled: true, pixelRatio: 3.5, platform: LINUX, platformName: LINUX, platformVersion: 10, statBarHeight: 84, takesScreenshot: true, version: 8.0, viewportRect: {height: 2308, left: 0, top: 84, width: 1440}, warnings: {}, webStorageEnabled: false}
Session ID: 0dab4e42-dbc1-4751-ad8d-03c425eca55c
	at sun.reflect.NativeConstructorAccessorImpl.newInstance0(Native Method)
	at sun.reflect.NativeConstructorAccessorImpl.newInstance(NativeConstructorAccessorImpl.java:62)
	at sun.reflect.DelegatingConstructorAccessorImpl.newInstance(DelegatingConstructorAccessorImpl.java:45)
	at java.lang.reflect.Constructor.newInstance(Constructor.java:423)
	at org.openqa.selenium.remote.http.W3CHttpResponseCodec.createException(W3CHttpResponseCodec.java:187)
	at org.openqa.selenium.remote.http.W3CHttpResponseCodec.decode(W3CHttpResponseCodec.java:122)
	at org.openqa.selenium.remote.http.W3CHttpResponseCodec.decode(W3CHttpResponseCodec.java:49)
	at org.openqa.selenium.remote.HttpCommandExecutor.execute(HttpCommandExecutor.java:158)
	at io.appium.java_client.remote.AppiumCommandExecutor.execute(AppiumCommandExecutor.java:129)
	at org.openqa.selenium.remote.RemoteWebDriver.execute(RemoteWebDriver.java:545)
	at io.appium.java_client.DefaultGenericMobileDriver.execute(DefaultGenericMobileDriver.java:46)
	at io.appium.java_client.AppiumDriver.execute(AppiumDriver.java:1)
	at io.appium.java_client.android.AndroidDriver.execute(AndroidDriver.java:1)
	at org.openqa.selenium.remote.RemoteWebDriver.getScreenshotAs(RemoteWebDriver.java:291)
	at Base.AndroidCapabilities.captureScreenShots(AndroidCapabilities.java:239)
	at mobileautomation.FormFillingNegative.formFillingfirstnameNegative(FormFillingNegative.java:509)
	at sun.reflect.NativeMethodAccessorImpl.invoke0(Native Method)
	at sun.reflect.NativeMethodAccessorImpl.invoke(NativeMethodAccessorImpl.java:62)
	at sun.reflect.DelegatingMethodAccessorImpl.invoke(DelegatingMethodAccessorImpl.java:43)
	at java.lang.reflect.Method.invoke(Method.java:498)
	at org.testng.internal.MethodInvocationHelper.invokeMethod(MethodInvocationHelper.java:104)
	at org.testng.internal.Invoker.invokeMethod(Invoker.java:645)
	at org.testng.internal.Invoker.invokeTestMethod(Invoker.java:851)
	at org.testng.internal.Invoker.invokeTestMethods(Invoker.java:1177)
	at org.testng.internal.TestMethodWorker.invokeTestMethods(TestMethodWorker.java:129)
	at org.testng.internal.TestMethodWorker.run(TestMethodWorker.java:112)
	at org.testng.TestRunner.privateRun(TestRunner.java:756)
	at org.testng.TestRunner.run(TestRunner.java:610)
	at org.testng.SuiteRunner.runTest(SuiteRunner.java:387)
	at org.testng.SuiteRunner.runSequentially(SuiteRunner.java:382)
	at org.testng.SuiteRunner.privateRun(SuiteRunner.java:340)
	at org.testng.SuiteRunner.run(SuiteRunner.java:289)
	at org.testng.SuiteRunnerWorker.runSuite(SuiteRunnerWorker.java:52)
	at org.testng.SuiteRunnerWorker.run(SuiteRunnerWorker.java:86)
	at org.testng.TestNG.runSuitesSequentially(TestNG.java:1293)
	at org.testng.TestNG.runSuitesLocally(TestNG.java:1218)
	at org.testng.TestNG.runSuites(TestNG.java:1133)
	at org.testng.TestNG.run(TestNG.java:1104)
	at org.testng.remote.AbstractRemoteTestNG.run(AbstractRemoteTestNG.java:115)
	at org.testng.remote.RemoteTestNG.initAndRun(RemoteTestNG.java:251)
	at org.testng.remote.RemoteTestNG.main(RemoteTestNG.java:77)
]]>
    </error>
  </testcase> <!-- formFillingfirstnameNegative -->
  <testcase name="formFillingJobTitleNegative" time="0.040" classname="mobileautomation.FormFillingNegative">
    <error type="org.openqa.selenium.WebDriverException" message="An unknown server-side error occurred while processing the command. Original error: chrome not reachable
  (Session info: chrome=74.0.3729.185)
  (Driver info: chromedriver=74.0.3729.6 (255758eccf3d244491b8a1317aa76e1ce10d57e9-refs/branch-heads/3729@{#29}),platform=Linux 4.15.0-1079-oem x86_64)
Build info: version: &#039;3.11.0&#039;, revision: &#039;e59cfb3&#039;, time: &#039;2018-03-11T20:26:55.152Z&#039;
System info: host: &#039;riya-Latitude-3400&#039;, ip: &#039;127.0.1.1&#039;, os.name: &#039;Linux&#039;, os.arch: &#039;amd64&#039;, os.version: &#039;4.15.0-1079-oem&#039;, java.version: &#039;1.8.0_242&#039;
Driver info: io.appium.java_client.android.AndroidDriver
Capabilities {Emulator: true, appActivity: com.google.android.apps.chr..., appPackage: com.android.chrome, browserName: Chrome, chromedriverExecutable: /home/riya/Documents/chrome..., databaseEnabled: false, desired: {Emulator: true, browserName: Chrome, chromedriverExecutable: /home/riya/Documents/chrome..., deviceName: Emulator-5554 Pixel_XL_API_29, platformName: android, version: 8.0}, deviceApiLevel: 29, deviceManufacturer: Google, deviceModel: Android SDK built for x86, deviceName: emulator-5554, deviceScreenDensity: 560, deviceScreenSize: 1440x2560, deviceUDID: emulator-5554, javascriptEnabled: true, locationContextEnabled: false, networkConnectionEnabled: true, pixelRatio: 3.5, platform: LINUX, platformName: LINUX, platformVersion: 10, statBarHeight: 84, takesScreenshot: true, version: 8.0, viewportRect: {height: 2308, left: 0, top: 84, width: 1440}, warnings: {}, webStorageEnabled: false}
Session ID: 0dab4e42-dbc1-4751-ad8d-03c425eca55c">
      <![CDATA[org.openqa.selenium.WebDriverException: An unknown server-side error occurred while processing the command. Original error: chrome not reachable
  (Session info: chrome=74.0.3729.185)
  (Driver info: chromedriver=74.0.3729.6 (255758eccf3d244491b8a1317aa76e1ce10d57e9-refs/branch-heads/3729@{#29}),platform=Linux 4.15.0-1079-oem x86_64)
Build info: version: '3.11.0', revision: 'e59cfb3', time: '2018-03-11T20:26:55.152Z'
System info: host: 'riya-Latitude-3400', ip: '127.0.1.1', os.name: 'Linux', os.arch: 'amd64', os.version: '4.15.0-1079-oem', java.version: '1.8.0_242'
Driver info: io.appium.java_client.android.AndroidDriver
Capabilities {Emulator: true, appActivity: com.google.android.apps.chr..., appPackage: com.android.chrome, browserName: Chrome, chromedriverExecutable: /home/riya/Documents/chrome..., databaseEnabled: false, desired: {Emulator: true, browserName: Chrome, chromedriverExecutable: /home/riya/Documents/chrome..., deviceName: Emulator-5554 Pixel_XL_API_29, platformName: android, version: 8.0}, deviceApiLevel: 29, deviceManufacturer: Google, deviceModel: Android SDK built for x86, deviceName: emulator-5554, deviceScreenDensity: 560, deviceScreenSize: 1440x2560, deviceUDID: emulator-5554, javascriptEnabled: true, locationContextEnabled: false, networkConnectionEnabled: true, pixelRatio: 3.5, platform: LINUX, platformName: LINUX, platformVersion: 10, statBarHeight: 84, takesScreenshot: true, version: 8.0, viewportRect: {height: 2308, left: 0, top: 84, width: 1440}, warnings: {}, webStorageEnabled: false}
Session ID: 0dab4e42-dbc1-4751-ad8d-03c425eca55c
	at sun.reflect.NativeConstructorAccessorImpl.newInstance0(Native Method)
	at sun.reflect.NativeConstructorAccessorImpl.newInstance(NativeConstructorAccessorImpl.java:62)
	at sun.reflect.DelegatingConstructorAccessorImpl.newInstance(DelegatingConstructorAccessorImpl.java:45)
	at java.lang.reflect.Constructor.newInstance(Constructor.java:423)
	at org.openqa.selenium.remote.http.W3CHttpResponseCodec.createException(W3CHttpResponseCodec.java:187)
	at org.openqa.selenium.remote.http.W3CHttpResponseCodec.decode(W3CHttpResponseCodec.java:122)
	at org.openqa.selenium.remote.http.W3CHttpResponseCodec.decode(W3CHttpResponseCodec.java:49)
	at org.openqa.selenium.remote.HttpCommandExecutor.execute(HttpCommandExecutor.java:158)
	at io.appium.java_client.remote.AppiumCommandExecutor.execute(AppiumCommandExecutor.java:129)
	at org.openqa.selenium.remote.RemoteWebDriver.execute(RemoteWebDriver.java:545)
	at io.appium.java_client.DefaultGenericMobileDriver.execute(DefaultGenericMobileDriver.java:46)
	at io.appium.java_client.AppiumDriver.execute(AppiumDriver.java:1)
	at io.appium.java_client.android.AndroidDriver.execute(AndroidDriver.java:1)
	at org.openqa.selenium.remote.RemoteWebDriver.getScreenshotAs(RemoteWebDriver.java:291)
	at Base.AndroidCapabilities.captureScreenShots(AndroidCapabilities.java:239)
	at mobileautomation.FormFillingNegative.formFillingJobTitleNegative(FormFillingNegative.java:2707)
	at sun.reflect.NativeMethodAccessorImpl.invoke0(Native Method)
	at sun.reflect.NativeMethodAccessorImpl.invoke(NativeMethodAccessorImpl.java:62)
	at sun.reflect.DelegatingMethodAccessorImpl.invoke(DelegatingMethodAccessorImpl.java:43)
	at java.lang.reflect.Method.invoke(Method.java:498)
	at org.testng.internal.MethodInvocationHelper.invokeMethod(MethodInvocationHelper.java:104)
	at org.testng.internal.Invoker.invokeMethod(Invoker.java:645)
	at org.testng.internal.Invoker.invokeTestMethod(Invoker.java:851)
	at org.testng.internal.Invoker.invokeTestMethods(Invoker.java:1177)
	at org.testng.internal.TestMethodWorker.invokeTestMethods(TestMethodWorker.java:129)
	at org.testng.internal.TestMethodWorker.run(TestMethodWorker.java:112)
	at org.testng.TestRunner.privateRun(TestRunner.java:756)
	at org.testng.TestRunner.run(TestRunner.java:610)
	at org.testng.SuiteRunner.runTest(SuiteRunner.java:387)
	at org.testng.SuiteRunner.runSequentially(SuiteRunner.java:382)
	at org.testng.SuiteRunner.privateRun(SuiteRunner.java:340)
	at org.testng.SuiteRunner.run(SuiteRunner.java:289)
	at org.testng.SuiteRunnerWorker.runSuite(SuiteRunnerWorker.java:52)
	at org.testng.SuiteRunnerWorker.run(SuiteRunnerWorker.java:86)
	at org.testng.TestNG.runSuitesSequentially(TestNG.java:1293)
	at org.testng.TestNG.runSuitesLocally(TestNG.java:1218)
	at org.testng.TestNG.runSuites(TestNG.java:1133)
	at org.testng.TestNG.run(TestNG.java:1104)
	at org.testng.remote.AbstractRemoteTestNG.run(AbstractRemoteTestNG.java:115)
	at org.testng.remote.RemoteTestNG.initAndRun(RemoteTestNG.java:251)
	at org.testng.remote.RemoteTestNG.main(RemoteTestNG.java:77)
]]>
    </error>
  </testcase> <!-- formFillingJobTitleNegative -->
  <testcase name="formFillingEmailNegative" time="0.040" classname="mobileautomation.FormFillingNegative">
    <error type="org.openqa.selenium.WebDriverException" message="An unknown server-side error occurred while processing the command. Original error: chrome not reachable
  (Session info: chrome=74.0.3729.185)
  (Driver info: chromedriver=74.0.3729.6 (255758eccf3d244491b8a1317aa76e1ce10d57e9-refs/branch-heads/3729@{#29}),platform=Linux 4.15.0-1079-oem x86_64)
Build info: version: &#039;3.11.0&#039;, revision: &#039;e59cfb3&#039;, time: &#039;2018-03-11T20:26:55.152Z&#039;
System info: host: &#039;riya-Latitude-3400&#039;, ip: &#039;127.0.1.1&#039;, os.name: &#039;Linux&#039;, os.arch: &#039;amd64&#039;, os.version: &#039;4.15.0-1079-oem&#039;, java.version: &#039;1.8.0_242&#039;
Driver info: io.appium.java_client.android.AndroidDriver
Capabilities {Emulator: true, appActivity: com.google.android.apps.chr..., appPackage: com.android.chrome, browserName: Chrome, chromedriverExecutable: /home/riya/Documents/chrome..., databaseEnabled: false, desired: {Emulator: true, browserName: Chrome, chromedriverExecutable: /home/riya/Documents/chrome..., deviceName: Emulator-5554 Pixel_XL_API_29, platformName: android, version: 8.0}, deviceApiLevel: 29, deviceManufacturer: Google, deviceModel: Android SDK built for x86, deviceName: emulator-5554, deviceScreenDensity: 560, deviceScreenSize: 1440x2560, deviceUDID: emulator-5554, javascriptEnabled: true, locationContextEnabled: false, networkConnectionEnabled: true, pixelRatio: 3.5, platform: LINUX, platformName: LINUX, platformVersion: 10, statBarHeight: 84, takesScreenshot: true, version: 8.0, viewportRect: {height: 2308, left: 0, top: 84, width: 1440}, warnings: {}, webStorageEnabled: false}
Session ID: 0dab4e42-dbc1-4751-ad8d-03c425eca55c">
      <![CDATA[org.openqa.selenium.WebDriverException: An unknown server-side error occurred while processing the command. Original error: chrome not reachable
  (Session info: chrome=74.0.3729.185)
  (Driver info: chromedriver=74.0.3729.6 (255758eccf3d244491b8a1317aa76e1ce10d57e9-refs/branch-heads/3729@{#29}),platform=Linux 4.15.0-1079-oem x86_64)
Build info: version: '3.11.0', revision: 'e59cfb3', time: '2018-03-11T20:26:55.152Z'
System info: host: 'riya-Latitude-3400', ip: '127.0.1.1', os.name: 'Linux', os.arch: 'amd64', os.version: '4.15.0-1079-oem', java.version: '1.8.0_242'
Driver info: io.appium.java_client.android.AndroidDriver
Capabilities {Emulator: true, appActivity: com.google.android.apps.chr..., appPackage: com.android.chrome, browserName: Chrome, chromedriverExecutable: /home/riya/Documents/chrome..., databaseEnabled: false, desired: {Emulator: true, browserName: Chrome, chromedriverExecutable: /home/riya/Documents/chrome..., deviceName: Emulator-5554 Pixel_XL_API_29, platformName: android, version: 8.0}, deviceApiLevel: 29, deviceManufacturer: Google, deviceModel: Android SDK built for x86, deviceName: emulator-5554, deviceScreenDensity: 560, deviceScreenSize: 1440x2560, deviceUDID: emulator-5554, javascriptEnabled: true, locationContextEnabled: false, networkConnectionEnabled: true, pixelRatio: 3.5, platform: LINUX, platformName: LINUX, platformVersion: 10, statBarHeight: 84, takesScreenshot: true, version: 8.0, viewportRect: {height: 2308, left: 0, top: 84, width: 1440}, warnings: {}, webStorageEnabled: false}
Session ID: 0dab4e42-dbc1-4751-ad8d-03c425eca55c
	at sun.reflect.NativeConstructorAccessorImpl.newInstance0(Native Method)
	at sun.reflect.NativeConstructorAccessorImpl.newInstance(NativeConstructorAccessorImpl.java:62)
	at sun.reflect.DelegatingConstructorAccessorImpl.newInstance(DelegatingConstructorAccessorImpl.java:45)
	at java.lang.reflect.Constructor.newInstance(Constructor.java:423)
	at org.openqa.selenium.remote.http.W3CHttpResponseCodec.createException(W3CHttpResponseCodec.java:187)
	at org.openqa.selenium.remote.http.W3CHttpResponseCodec.decode(W3CHttpResponseCodec.java:122)
	at org.openqa.selenium.remote.http.W3CHttpResponseCodec.decode(W3CHttpResponseCodec.java:49)
	at org.openqa.selenium.remote.HttpCommandExecutor.execute(HttpCommandExecutor.java:158)
	at io.appium.java_client.remote.AppiumCommandExecutor.execute(AppiumCommandExecutor.java:129)
	at org.openqa.selenium.remote.RemoteWebDriver.execute(RemoteWebDriver.java:545)
	at io.appium.java_client.DefaultGenericMobileDriver.execute(DefaultGenericMobileDriver.java:46)
	at io.appium.java_client.AppiumDriver.execute(AppiumDriver.java:1)
	at io.appium.java_client.android.AndroidDriver.execute(AndroidDriver.java:1)
	at org.openqa.selenium.remote.RemoteWebDriver.getScreenshotAs(RemoteWebDriver.java:291)
	at Base.AndroidCapabilities.captureScreenShots(AndroidCapabilities.java:239)
	at mobileautomation.FormFillingNegative.formFillingEmailNegative(FormFillingNegative.java:1913)
	at sun.reflect.NativeMethodAccessorImpl.invoke0(Native Method)
	at sun.reflect.NativeMethodAccessorImpl.invoke(NativeMethodAccessorImpl.java:62)
	at sun.reflect.DelegatingMethodAccessorImpl.invoke(DelegatingMethodAccessorImpl.java:43)
	at java.lang.reflect.Method.invoke(Method.java:498)
	at org.testng.internal.MethodInvocationHelper.invokeMethod(MethodInvocationHelper.java:104)
	at org.testng.internal.Invoker.invokeMethod(Invoker.java:645)
	at org.testng.internal.Invoker.invokeTestMethod(Invoker.java:851)
	at org.testng.internal.Invoker.invokeTestMethods(Invoker.java:1177)
	at org.testng.internal.TestMethodWorker.invokeTestMethods(TestMethodWorker.java:129)
	at org.testng.internal.TestMethodWorker.run(TestMethodWorker.java:112)
	at org.testng.TestRunner.privateRun(TestRunner.java:756)
	at org.testng.TestRunner.run(TestRunner.java:610)
	at org.testng.SuiteRunner.runTest(SuiteRunner.java:387)
	at org.testng.SuiteRunner.runSequentially(SuiteRunner.java:382)
	at org.testng.SuiteRunner.privateRun(SuiteRunner.java:340)
	at org.testng.SuiteRunner.run(SuiteRunner.java:289)
	at org.testng.SuiteRunnerWorker.runSuite(SuiteRunnerWorker.java:52)
	at org.testng.SuiteRunnerWorker.run(SuiteRunnerWorker.java:86)
	at org.testng.TestNG.runSuitesSequentially(TestNG.java:1293)
	at org.testng.TestNG.runSuitesLocally(TestNG.java:1218)
	at org.testng.TestNG.runSuites(TestNG.java:1133)
	at org.testng.TestNG.run(TestNG.java:1104)
	at org.testng.remote.AbstractRemoteTestNG.run(AbstractRemoteTestNG.java:115)
	at org.testng.remote.RemoteTestNG.initAndRun(RemoteTestNG.java:251)
	at org.testng.remote.RemoteTestNG.main(RemoteTestNG.java:77)
]]>
    </error>
  </testcase> <!-- formFillingEmailNegative -->
</testsuite> <!-- mobileautomation.FormFillingNegative -->
