<?xml version="1.0" encoding="UTF-8"?>
<!-- Generated by org.testng.reporters.JUnitReportReporter -->
<testsuite hostname="mamta-Latitude-3400" failures="0" tests="17" name="com.algoworks.contactUs.TestClass.ContactForm" time="827.192" errors="0" timestamp="2021-03-23T13:30:12 EDT" skipped="0">
  <testcase classname="com.algoworks.contactUs.TestClass.ContactForm" name="thirdPartyContactForm" time="46.555"/>
  <system-out/>
  <testcase classname="com.algoworks.contactUs.TestClass.ContactForm" name="thirdPartyContactForm" time="44.172"/>
  <system-out/>
  <testcase classname="com.algoworks.contactUs.TestClass.ContactForm" name="thirdPartyContactForm" time="47.572"/>
  <system-out/>
  <testcase classname="com.algoworks.contactUs.TestClass.ContactForm" name="thirdPartyContactForm" time="38.798"/>
  <system-out/>
  <testcase classname="com.algoworks.contactUs.TestClass.ContactForm" name="thirdPartyContactForm" time="42.032"/>
  <system-out/>
  <testcase classname="com.algoworks.contactUs.TestClass.ContactForm" name="thirdPartyContactForm" time="70.004"/>
  <system-out/>
  <testcase classname="com.algoworks.contactUs.TestClass.ContactForm" name="thirdPartyContactForm" time="36.227"/>
  <system-out/>
  <testcase classname="com.algoworks.contactUs.TestClass.ContactForm" name="thirdPartyContactForm" time="47.745"/>
  <system-out/>
  <testcase classname="com.algoworks.contactUs.TestClass.ContactForm" name="thirdPartyContactForm" time="40.086"/>
  <system-out/>
  <testcase classname="com.algoworks.contactUs.TestClass.ContactForm" name="thirdPartyContactForm" time="68.466"/>
  <system-out/>
  <testcase classname="com.algoworks.contactUs.TestClass.ContactForm" name="thirdPartyContactForm" time="43.820"/>
  <system-out/>
  <testcase classname="com.algoworks.contactUs.TestClass.ContactForm" name="thirdPartyContactForm" time="56.498"/>
  <system-out/>
  <testcase classname="com.algoworks.contactUs.TestClass.ContactForm" name="thirdPartyContactForm" time="47.897"/>
  <system-out/>
  <testcase classname="com.algoworks.contactUs.TestClass.ContactForm" name="thirdPartyContactForm" time="61.007"/>
  <system-out/>
  <testcase classname="com.algoworks.contactUs.TestClass.ContactForm" name="thirdPartyContactForm" time="53.207"/>
  <system-out/>
  <testcase classname="com.algoworks.contactUs.TestClass.ContactForm" name="thirdPartyContactForm" time="49.155"/>
  <system-out/>
  <testcase classname="com.algoworks.contactUs.TestClass.ContactForm" name="thirdPartyContactForm" time="33.951"/>
  <system-out/>
</testsuite> <!-- com.algoworks.contactUs.TestClass.ContactForm -->
