<?xml version="1.0" encoding="UTF-8"?>
<!-- Generated by org.testng.reporters.JUnitReportReporter -->
<testsuite name="mobileautomation.MobileNegative" tests="4" time="135.900" ignored="0" failures="0" timestamp="24 Apr 2020 11:26:53 GMT" skipped="0" hostname="riya-Latitude-3400" errors="0">
  <testcase name="mobilecompany" time="36.451" classname="mobileautomation.MobileNegative"/>
  <testcase name="mobilefirstname" time="28.857" classname="mobileautomation.MobileNegative"/>
  <testcase name="mobilelastname" time="32.595" classname="mobileautomation.MobileNegative"/>
  <testcase name="mobileJobTitle" time="37.997" classname="mobileautomation.MobileNegative"/>
</testsuite> <!-- mobileautomation.MobileNegative -->
