<?xml version="1.0" encoding="UTF-8"?>
<!-- Generated by org.testng.reporters.JUnitReportReporter -->
<testsuite hostname="mamta-Latitude-3400" failures="0" tests="1" name="com.algoworks.contactUs.TestClass.ContactForm" time="61.279" errors="0" timestamp="2021-02-12T21:43:44 EST" skipped="0">
  <testcase classname="com.algoworks.contactUs.TestClass.ContactForm" name="NewUserTesting" time="61.279"/>
  <system-out/>
</testsuite> <!-- com.algoworks.contactUs.TestClass.ContactForm -->
