<?xml version="1.0" encoding="UTF-8"?>
<!-- Generated by org.testng.reporters.JUnitReportReporter -->
<testsuite name="webautomation.Downloads" tests="1" time="775.700" ignored="0" failures="0" timestamp="03 Mar 2021 05:28:45 GMT" skipped="0" hostname="riya-Latitude-3400" errors="0">
  <testcase name="downloads" time="775.700" classname="webautomation.Downloads"/>
</testsuite> <!-- webautomation.Downloads -->
