<?xml version="1.0" encoding="UTF-8"?>
<!-- Generated by org.testng.reporters.JUnitReportReporter -->
<testsuite name="webautomation.Mobile" tests="1" time="38.466" ignored="0" failures="0" timestamp="20 Apr 2020 12:13:04 GMT" skipped="0" hostname="riya-Latitude-3400" errors="0">
  <testcase name="mobile" time="38.466" classname="webautomation.Mobile"/>
</testsuite> <!-- webautomation.Mobile -->
