<?xml version="1.0" encoding="UTF-8"?>
<!-- Generated by org.testng.reporters.JUnitReportReporter -->
<testsuite hostname="mamta-Latitude-3400" failures="0" tests="1" name="com.algoworks.contactUs.TestClass.contact_btn_Test" time="14.729" errors="0" timestamp="2021-01-21T23:55:45 EST" skipped="0">
  <testcase classname="com.algoworks.contactUs.TestClass.contact_btn_Test" name="contactClick" time="14.729"/>
  <system-out/>
</testsuite> <!-- com.algoworks.contactUs.TestClass.contact_btn_Test -->
