<?xml version="1.0" encoding="UTF-8"?>
<!-- Generated by org.testng.reporters.JUnitReportReporter -->
<testsuite name="webautomation.ContactFormNegative" tests="1" time="37.660" ignored="0" failures="0" timestamp="23 Mar 2020 13:36:51 GMT" skipped="0" hostname="riya-Latitude-3400" errors="0">
  <testcase name="contactform" time="37.660" classname="webautomation.ContactFormNegative"/>
</testsuite> <!-- webautomation.ContactFormNegative -->
