<?xml version="1.0" encoding="UTF-8"?>
<!-- Generated by org.testng.reporters.JUnitReportReporter -->
<testsuite name="webautomation.FormFillingNegative" tests="10" time="1792.859" ignored="4" failures="0" timestamp="13 Apr 2020 12:26:40 GMT" skipped="0" hostname="riya-Latitude-3400" errors="0">
  <testcase name="NegativeLastName" time="248.937" classname="webautomation.FormFillingNegative"/>
  <testcase name="NegativeFirstName" time="218.591" classname="webautomation.FormFillingNegative"/>
  <testcase name="NegativeCompany" time="157.727" classname="webautomation.FormFillingNegative"/>
  <testcase name="NegativePhoneNumber" time="232.269" classname="webautomation.FormFillingNegative"/>
  <testcase name="NegativeEmail" time="231.294" classname="webautomation.FormFillingNegative"/>
  <testcase name="NegativeReasonforInquiry" time="39.307" classname="webautomation.FormFillingNegative"/>
  <testcase name="NegativeJobTitle" time="236.963" classname="webautomation.FormFillingNegative"/>
  <testcase name="NegativeCity" time="237.155" classname="webautomation.FormFillingNegative"/>
  <testcase name="NegativeGDPRCountry" time="76.717" classname="webautomation.FormFillingNegative"/>
  <testcase name="NegativeCountry" time="113.899" classname="webautomation.FormFillingNegative"/>
  <testcase name="closeApplication" classname="Base.WebCapabilities">
    <skipped/>
  </testcase> <!-- closeApplication -->
  <testcase name="createReport" classname="Base.WebCapabilities">
    <skipped/>
  </testcase> <!-- createReport -->
  <testcase name="LaunchBrowser" classname="Base.WebCapabilities">
    <skipped/>
  </testcase> <!-- LaunchBrowser -->
  <testcase name="flush" classname="Base.WebCapabilities">
    <skipped/>
  </testcase> <!-- flush -->
</testsuite> <!-- webautomation.FormFillingNegative -->
