<?xml version="1.0" encoding="UTF-8"?>
<!-- Generated by org.testng.reporters.JUnitReportReporter -->
<testsuite name="iosWeb.login" tests="1" time="6.671" ignored="0" failures="0" timestamp="11 Feb 2019 11:12:17 GMT" skipped="0" hostname="Chanchals-Mac-mini.local" errors="0">
  <testcase name="validLogin" time="6.671" classname="iosWeb.login"/>
</testsuite> <!-- iosWeb.login -->
