<?xml version="1.0" encoding="UTF-8"?>
<!-- Generated by org.testng.reporters.JUnitReportReporter -->
<testsuite name="mobileautomation.ContactFormNegative" tests="1" time="144.116" ignored="0" failures="0" timestamp="13 Apr 2020 10:40:08 GMT" skipped="0" hostname="riya-Latitude-3400" errors="0">
  <testcase name="ContactFormFirstNameNegative" time="144.116" classname="mobileautomation.ContactFormNegative"/>
</testsuite> <!-- mobileautomation.ContactFormNegative -->
