<?xml version="1.0" encoding="UTF-8"?>
<!-- Generated by org.testng.reporters.JUnitReportReporter -->
<testsuite name="mobileautomation.DownloadsNegative" tests="7" time="2137.582" ignored="0" failures="0" timestamp="14 Apr 2020 08:10:48 GMT" skipped="0" hostname="riya-Latitude-3400" errors="0">
  <testcase name="downloadPhoneNumberNegative" time="307.757" classname="mobileautomation.DownloadsNegative"/>
  <testcase name="downloadFirstNameNegative" time="278.782" classname="mobileautomation.DownloadsNegative"/>
  <testcase name="downloadCompanyNegative" time="208.927" classname="mobileautomation.DownloadsNegative"/>
  <testcase name="downloadJobTitle" time="281.075" classname="mobileautomation.DownloadsNegative"/>
  <testcase name="downloadCountry" time="479.221" classname="mobileautomation.DownloadsNegative"/>
  <testcase name="downloadLastNameNegative" time="292.445" classname="mobileautomation.DownloadsNegative"/>
  <testcase name="downloadEmailNegative" time="289.375" classname="mobileautomation.DownloadsNegative"/>
</testsuite> <!-- mobileautomation.DownloadsNegative -->
