<?xml version="1.0" encoding="UTF-8"?>
<!-- Generated by org.testng.reporters.JUnitReportReporter -->
<testsuite name="webautomation.FormFillingNegative" tests="10" time="2414.996" ignored="0" failures="0" timestamp="31 Mar 2020 07:38:13 GMT" skipped="0" hostname="riya-Latitude-3400" errors="0">
  <testcase name="NegativeCountry" time="127.273" classname="webautomation.FormFillingNegative"/>
  <testcase name="NegativeLastName" time="484.742" classname="webautomation.FormFillingNegative"/>
  <testcase name="NegativePhoneNumber" time="294.270" classname="webautomation.FormFillingNegative"/>
  <testcase name="NegativeFirstName" time="401.097" classname="webautomation.FormFillingNegative"/>
  <testcase name="NegativeCompany" time="170.863" classname="webautomation.FormFillingNegative"/>
  <testcase name="NegativeReasonforInquiry" time="50.708" classname="webautomation.FormFillingNegative"/>
  <testcase name="NegativeCity" time="271.379" classname="webautomation.FormFillingNegative"/>
  <testcase name="NegativeJobTitle" time="258.820" classname="webautomation.FormFillingNegative"/>
  <testcase name="NegativeGDPRCountry" time="92.217" classname="webautomation.FormFillingNegative"/>
  <testcase name="NegativeEmail" time="263.627" classname="webautomation.FormFillingNegative"/>
</testsuite> <!-- webautomation.FormFillingNegative -->
