<?xml version="1.0" encoding="UTF-8"?>
<!-- Generated by org.testng.reporters.JUnitReportReporter -->
<testsuite hostname="mamta-Latitude-3400" failures="0" tests="1" name="com.algoworks.contactUs.TestClass.ContactUs_ButtonClick_TestCase" time="21.453" errors="0" timestamp="2021-01-21T23:31:00 EST" skipped="0">
  <testcase classname="com.algoworks.contactUs.TestClass.ContactUs_ButtonClick_TestCase" name="Contact_Us_ButtonClick" time="21.453"/>
  <system-out/>
</testsuite> <!-- com.algoworks.contactUs.TestClass.ContactUs_ButtonClick_TestCase -->
