<?xml version="1.0" encoding="UTF-8"?>
<!-- Generated by org.testng.reporters.JUnitReportReporter -->
<testsuite name="webautomation.FormFillingNegativeNew" tests="10" time="1868.206" ignored="4" failures="0" timestamp="04 May 2020 03:16:01 GMT" skipped="0" hostname="riya-Latitude-3400" errors="0">
  <testcase name="NegativeReasonforInquiry" time="40.012" classname="webautomation.FormFillingNegativeNew"/>
  <testcase name="NegativeFirstName" time="238.951" classname="webautomation.FormFillingNegativeNew"/>
  <testcase name="NegativeCity" time="242.850" classname="webautomation.FormFillingNegativeNew"/>
  <testcase name="NegativeGDPRCountry" time="79.987" classname="webautomation.FormFillingNegativeNew"/>
  <testcase name="NegativeCompany" time="157.018" classname="webautomation.FormFillingNegativeNew"/>
  <testcase name="NegativeCountry" time="115.212" classname="webautomation.FormFillingNegativeNew"/>
  <testcase name="NegativeLastName" time="253.305" classname="webautomation.FormFillingNegativeNew"/>
  <testcase name="NegativeEmail" time="252.604" classname="webautomation.FormFillingNegativeNew"/>
  <testcase name="NegativeJobTitle" time="234.258" classname="webautomation.FormFillingNegativeNew"/>
  <testcase name="NegativePhoneNumber" time="254.009" classname="webautomation.FormFillingNegativeNew"/>
  <testcase name="closeApplication" classname="Base.WebCapabilities">
    <skipped/>
  </testcase> <!-- closeApplication -->
  <testcase name="createReport" classname="Base.WebCapabilities">
    <skipped/>
  </testcase> <!-- createReport -->
  <testcase name="LaunchBrowser" classname="Base.WebCapabilities">
    <skipped/>
  </testcase> <!-- LaunchBrowser -->
  <testcase name="flush" classname="Base.WebCapabilities">
    <skipped/>
  </testcase> <!-- flush -->
</testsuite> <!-- webautomation.FormFillingNegativeNew -->
