<?xml version="1.0" encoding="UTF-8"?>
<!-- Generated by org.testng.reporters.JUnitReportReporter -->
<testsuite hostname="mamta-Latitude-3400" failures="0" tests="2" name="com.algoworks.contactUs.TestClass.ContactForm" time="102.723" errors="0" timestamp="2021-02-22T20:07:23 EST" skipped="0">
  <testcase classname="com.algoworks.contactUs.TestClass.ContactForm" name="contactForm" time="46.709"/>
  <system-out/>
  <testcase classname="com.algoworks.contactUs.TestClass.ContactForm" name="NewUserTesting" time="56.014"/>
  <system-out/>
</testsuite> <!-- com.algoworks.contactUs.TestClass.ContactForm -->
