<?xml version="1.0" encoding="UTF-8"?>
<!-- Generated by org.testng.reporters.JUnitReportReporter -->
<testsuite name="webautomation.ContactForm" tests="1" time="34.413" ignored="24" failures="0" timestamp="24 Mar 2020 13:39:58 GMT" skipped="0" hostname="riya-Latitude-3400" errors="0">
  <testcase name="contactform" time="34.413" classname="webautomation.ContactForm"/>
  <testcase name="LaunchBrowser" classname="Base.WebCapabilities">
    <skipped/>
  </testcase> <!-- LaunchBrowser -->
  <testcase name="LaunchBrowser" classname="Base.WebCapabilities">
    <skipped/>
  </testcase> <!-- LaunchBrowser -->
  <testcase name="LaunchBrowser" classname="Base.WebCapabilities">
    <skipped/>
  </testcase> <!-- LaunchBrowser -->
  <testcase name="LaunchBrowser" classname="Base.WebCapabilities">
    <skipped/>
  </testcase> <!-- LaunchBrowser -->
  <testcase name="LaunchBrowser" classname="Base.WebCapabilities">
    <skipped/>
  </testcase> <!-- LaunchBrowser -->
  <testcase name="LaunchBrowser" classname="Base.WebCapabilities">
    <skipped/>
  </testcase> <!-- LaunchBrowser -->
  <testcase name="closeApplication" classname="Base.WebCapabilities">
    <skipped/>
  </testcase> <!-- closeApplication -->
  <testcase name="closeApplication" classname="Base.WebCapabilities">
    <skipped/>
  </testcase> <!-- closeApplication -->
  <testcase name="closeApplication" classname="Base.WebCapabilities">
    <skipped/>
  </testcase> <!-- closeApplication -->
  <testcase name="closeApplication" classname="Base.WebCapabilities">
    <skipped/>
  </testcase> <!-- closeApplication -->
  <testcase name="closeApplication" classname="Base.WebCapabilities">
    <skipped/>
  </testcase> <!-- closeApplication -->
  <testcase name="closeApplication" classname="Base.WebCapabilities">
    <skipped/>
  </testcase> <!-- closeApplication -->
  <testcase name="createReport" classname="Base.WebCapabilities">
    <skipped/>
  </testcase> <!-- createReport -->
  <testcase name="createReport" classname="Base.WebCapabilities">
    <skipped/>
  </testcase> <!-- createReport -->
  <testcase name="createReport" classname="Base.WebCapabilities">
    <skipped/>
  </testcase> <!-- createReport -->
  <testcase name="createReport" classname="Base.WebCapabilities">
    <skipped/>
  </testcase> <!-- createReport -->
  <testcase name="createReport" classname="Base.WebCapabilities">
    <skipped/>
  </testcase> <!-- createReport -->
  <testcase name="createReport" classname="Base.WebCapabilities">
    <skipped/>
  </testcase> <!-- createReport -->
  <testcase name="flush" classname="Base.WebCapabilities">
    <skipped/>
  </testcase> <!-- flush -->
  <testcase name="flush" classname="Base.WebCapabilities">
    <skipped/>
  </testcase> <!-- flush -->
  <testcase name="flush" classname="Base.WebCapabilities">
    <skipped/>
  </testcase> <!-- flush -->
  <testcase name="flush" classname="Base.WebCapabilities">
    <skipped/>
  </testcase> <!-- flush -->
  <testcase name="flush" classname="Base.WebCapabilities">
    <skipped/>
  </testcase> <!-- flush -->
  <testcase name="flush" classname="Base.WebCapabilities">
    <skipped/>
  </testcase> <!-- flush -->
</testsuite> <!-- webautomation.ContactForm -->
