<?xml version="1.0" encoding="UTF-8"?>
<!-- Generated by org.testng.reporters.JUnitReportReporter -->
<testsuite name="mobileautomation.Mobile" tests="1" time="27.886" ignored="16" failures="0" timestamp="13 May 2019 10:46:57 GMT" skipped="0" hostname="chanchal-java" errors="0">
  <testcase name="mobile" time="27.886" classname="mobileautomation.Mobile"/>
  <testcase name="flush" classname="Base.AndroidCapabilities">
    <skipped/>
  </testcase> <!-- flush -->
  <testcase name="flush" classname="Base.AndroidCapabilities">
    <skipped/>
  </testcase> <!-- flush -->
  <testcase name="flush" classname="Base.AndroidCapabilities">
    <skipped/>
  </testcase> <!-- flush -->
  <testcase name="flush" classname="Base.AndroidCapabilities">
    <skipped/>
  </testcase> <!-- flush -->
  <testcase name="createReport" classname="Base.AndroidCapabilities">
    <skipped/>
  </testcase> <!-- createReport -->
  <testcase name="createReport" classname="Base.AndroidCapabilities">
    <skipped/>
  </testcase> <!-- createReport -->
  <testcase name="createReport" classname="Base.AndroidCapabilities">
    <skipped/>
  </testcase> <!-- createReport -->
  <testcase name="createReport" classname="Base.AndroidCapabilities">
    <skipped/>
  </testcase> <!-- createReport -->
  <testcase name="setUp" classname="Base.AndroidCapabilities">
    <skipped/>
  </testcase> <!-- setUp -->
  <testcase name="setUp" classname="Base.AndroidCapabilities">
    <skipped/>
  </testcase> <!-- setUp -->
  <testcase name="setUp" classname="Base.AndroidCapabilities">
    <skipped/>
  </testcase> <!-- setUp -->
  <testcase name="setUp" classname="Base.AndroidCapabilities">
    <skipped/>
  </testcase> <!-- setUp -->
  <testcase name="closeApplication" classname="Base.AndroidCapabilities">
    <skipped/>
  </testcase> <!-- closeApplication -->
  <testcase name="closeApplication" classname="Base.AndroidCapabilities">
    <skipped/>
  </testcase> <!-- closeApplication -->
  <testcase name="closeApplication" classname="Base.AndroidCapabilities">
    <skipped/>
  </testcase> <!-- closeApplication -->
  <testcase name="closeApplication" classname="Base.AndroidCapabilities">
    <skipped/>
  </testcase> <!-- closeApplication -->
</testsuite> <!-- mobileautomation.Mobile -->
