<?xml version="1.0" encoding="UTF-8"?>
<!-- Generated by org.testng.reporters.JUnitReportReporter -->
<testsuite name="webautomation.MobileNegative" tests="8" time="678.291" ignored="0" failures="0" timestamp="04 May 2020 09:03:12 GMT" skipped="0" hostname="riya-Latitude-3400" errors="0">
  <testcase name="JobTitlenegative" time="25.968" classname="webautomation.MobileNegative"/>
  <testcase name="Emailnegative" time="226.467" classname="webautomation.MobileNegative"/>
  <testcase name="Citynegative" time="30.224" classname="webautomation.MobileNegative"/>
  <testcase name="PhoneNumbernegative" time="110.443" classname="webautomation.MobileNegative"/>
  <testcase name="Countrynegative" time="200.646" classname="webautomation.MobileNegative"/>
  <testcase name="Firstnamenegative" time="27.074" classname="webautomation.MobileNegative"/>
  <testcase name="Companynegative" time="30.772" classname="webautomation.MobileNegative"/>
  <testcase name="LastNamenegative" time="26.697" classname="webautomation.MobileNegative"/>
</testsuite> <!-- webautomation.MobileNegative -->
