<?xml version="1.0" encoding="UTF-8"?>
<!-- Generated by org.testng.reporters.JUnitReportReporter -->
<testsuite name="mobileautomation.ContactForm" tests="1" time="43.693" ignored="0" failures="0" timestamp="10 Jul 2020 09:42:22 GMT" skipped="0" hostname="riya-Latitude-3400" errors="0">
  <testcase name="contactForm" time="43.693" classname="mobileautomation.ContactForm"/>
</testsuite> <!-- mobileautomation.ContactForm -->
