<?xml version="1.0" encoding="UTF-8"?>
<!-- Generated by org.testng.reporters.JUnitReportReporter -->
<testsuite name="project.VerifyMembershipText4" tests="1" time="0.002" ignored="6" failures="0" timestamp="25 Jan 2019 12:00:07 GMT" skipped="1" hostname="Chanchals-Mac-mini.local" errors="0">
  <testcase name="verifyMembershiptext" time="0.002" classname="project.VerifyMembershipText4">
    <skipped/>
  </testcase> <!-- verifyMembershiptext -->
  <testcase name="flush" classname="Base.Capabilities">
    <skipped/>
  </testcase> <!-- flush -->
  <testcase name="flush" classname="Base.Capabilities">
    <skipped/>
  </testcase> <!-- flush -->
  <testcase name="flush" classname="Base.Capabilities">
    <skipped/>
  </testcase> <!-- flush -->
  <testcase name="createReport" classname="Base.Capabilities">
    <skipped/>
  </testcase> <!-- createReport -->
  <testcase name="createReport" classname="Base.Capabilities">
    <skipped/>
  </testcase> <!-- createReport -->
  <testcase name="createReport" classname="Base.Capabilities">
    <skipped/>
  </testcase> <!-- createReport -->
</testsuite> <!-- project.VerifyMembershipText4 -->
